Fri 03 Nov 2023 06:21:42 INFO  
General Hyper Parameters:
gpu_id = 0
use_gpu = True
seed = 2020
state = INFO
reproducibility = True
data_path = dataset/amazon-books
checkpoint_dir = saved
show_progress = True
save_dataset = False
dataset_save_path = None
save_dataloaders = False
dataloaders_save_path = None
log_wandb = False

Training Hyper Parameters:
epochs = 300
train_batch_size = 4096
learner = adam
learning_rate = 0.001
train_neg_sample_args = {'distribution': 'uniform', 'sample_num': 1, 'alpha': 1.0, 'dynamic': False, 'candidate_num': 0}
eval_step = 1
stopping_step = 10
clip_grad_norm = None
weight_decay = 0.0
loss_decimal_place = 4

Evaluation Hyper Parameters:
eval_args = {'split': {'RS': [0.8, 0.1, 0.1]}, 'order': 'RO', 'group_by': 'user', 'mode': {'valid': 'full', 'test': 'full'}}
repeatable = False
metrics = ['Recall', 'NDCG']
topk = [10, 20, 50]
valid_metric = NDCG@10
valid_metric_bigger = True
eval_batch_size = 4096000
metric_decimal_place = 4

Dataset Hyper Parameters:
field_separator = 	
seq_separator =  
USER_ID_FIELD = user_id
ITEM_ID_FIELD = item_id
RATING_FIELD = rating
TIME_FIELD = timestamp
seq_len = None
LABEL_FIELD = label
threshold = None
NEG_PREFIX = neg_
load_col = {'inter': ['user_id', 'item_id', 'rating']}
unload_col = None
unused_col = None
additional_feat_suffix = None
rm_dup_inter = None
val_interval = {'rating': '[3,inf)'}
filter_inter_by_user_or_item = True
user_inter_num_interval = [15,inf)
item_inter_num_interval = [15,inf)
alias_of_user_id = None
alias_of_item_id = None
alias_of_entity_id = None
alias_of_relation_id = None
preload_weight = None
normalize_field = None
normalize_all = None
ITEM_LIST_LENGTH_FIELD = item_length
LIST_SUFFIX = _list
MAX_ITEM_LIST_LENGTH = 50
POSITION_FIELD = position_id
HEAD_ENTITY_ID_FIELD = head_id
TAIL_ENTITY_ID_FIELD = tail_id
RELATION_ID_FIELD = relation_id
ENTITY_ID_FIELD = entity_id
benchmark_filename = None

Other Hyper Parameters: 
worker = 0
wandb_project = recbole
shuffle = True
require_pow = False
enable_amp = False
enable_scaler = False
transform = None
embedding_size = 64
n_layers = 3
reg_weight = 1e-06
ssl_temp = 0.05
ssl_reg = 1e-06
hyper_layers = 1
alpha = 0.8
proto_reg = 1e-07
num_clusters = 2000
m_step = 1
warm_up_step = 20
numerical_features = []
discretization = None
kg_reverse_r = False
entity_kg_num_interval = [0,inf)
relation_kg_num_interval = [0,inf)
MODEL_TYPE = ModelType.GENERAL
eval_setting = {'split': {'RS': [0.8, 0.1, 0.1]}, 'order': 'RO', 'group_by': 'user', 'mode': 'full'}
MODEL_INPUT_TYPE = InputType.PAIRWISE
eval_type = EvaluatorType.RANKING
single_spec = True
local_rank = 0
device = cuda
valid_neg_sample_args = {'distribution': 'uniform', 'sample_num': 'none'}
test_neg_sample_args = {'distribution': 'uniform', 'sample_num': 'none'}


Fri 03 Nov 2023 06:25:15 INFO  amazon-books
The number of users: 58145
Average actions of users: 43.296591221794166
The number of items: 58052
Average actions of items: 43.36595407486521
The number of inters: 2517437
The sparsity of the dataset: 99.9254188544918%
Remain Fields: ['user_id', 'item_id', 'rating']
Fri 03 Nov 2023 06:25:26 INFO  [Training]: train_batch_size = [4096] train_neg_sample_args: [{'distribution': 'uniform', 'sample_num': 1, 'alpha': 1.0, 'dynamic': False, 'candidate_num': 0}]
Fri 03 Nov 2023 06:25:26 INFO  [Evaluation]: eval_batch_size = [4096000] eval_args: [{'split': {'RS': [0.8, 0.1, 0.1]}, 'order': 'RO', 'group_by': 'user', 'mode': {'valid': 'full', 'test': 'full'}}]
Fri 03 Nov 2023 06:25:41 INFO  NCL(
  (user_embedding): Embedding(58145, 64)
  (item_embedding): Embedding(58052, 64)
  (mf_loss): BPRLoss()
  (reg_loss): EmbLoss()
)
Trainable parameters: 7436608
Fri 03 Nov 2023 06:25:42 INFO  Running E-step ! 
Fri 03 Nov 2023 06:26:40 INFO  epoch 0 training [time: 53.66s, train_loss1: 350.7218, train_loss2: 0.6240]
Fri 03 Nov 2023 06:26:44 INFO  epoch 0 evaluating [time: 4.23s, valid_score: 0.000400]
Fri 03 Nov 2023 06:26:44 INFO  valid result: 
recall@10 : 0.0005    recall@20 : 0.0011    recall@50 : 0.0023    ndcg@10 : 0.0004    ndcg@20 : 0.0005    ndcg@50 : 0.0008
Fri 03 Nov 2023 06:26:44 INFO  Saving current: saved/NCL-Nov-03-2023_06-25-41.pth
Fri 03 Nov 2023 06:26:44 INFO  Saving current best: saved/NCL-Nov-03-2023_06-25-41.pth
Fri 03 Nov 2023 06:26:44 INFO  Running E-step ! 
Fri 03 Nov 2023 06:27:39 INFO  epoch 1 training [time: 53.56s, train_loss1: 350.7176, train_loss2: 0.0257]
Fri 03 Nov 2023 06:27:43 INFO  epoch 1 evaluating [time: 4.16s, valid_score: 0.000400]
Fri 03 Nov 2023 06:27:43 INFO  valid result: 
recall@10 : 0.0007    recall@20 : 0.0014    recall@50 : 0.0028    ndcg@10 : 0.0004    ndcg@20 : 0.0007    ndcg@50 : 0.001
Fri 03 Nov 2023 06:27:43 INFO  Saving current: saved/NCL-Nov-03-2023_06-25-41.pth
Fri 03 Nov 2023 06:27:43 INFO  Saving current best: saved/NCL-Nov-03-2023_06-25-41.pth
Fri 03 Nov 2023 06:27:43 INFO  Running E-step ! 
Fri 03 Nov 2023 06:28:37 INFO  epoch 2 training [time: 53.57s, train_loss1: 350.7102, train_loss2: 0.0190]
Fri 03 Nov 2023 06:28:42 INFO  epoch 2 evaluating [time: 4.58s, valid_score: 0.000700]
Fri 03 Nov 2023 06:28:42 INFO  valid result: 
recall@10 : 0.0012    recall@20 : 0.0018    recall@50 : 0.0036    ndcg@10 : 0.0007    ndcg@20 : 0.0009    ndcg@50 : 0.0014
Fri 03 Nov 2023 06:28:42 INFO  Saving current: saved/NCL-Nov-03-2023_06-25-41.pth
Fri 03 Nov 2023 06:28:42 INFO  Saving current best: saved/NCL-Nov-03-2023_06-25-41.pth
Fri 03 Nov 2023 06:28:42 INFO  Running E-step ! 
Fri 03 Nov 2023 06:29:36 INFO  epoch 3 training [time: 53.42s, train_loss1: 350.6954, train_loss2: 0.0166]
Fri 03 Nov 2023 06:29:41 INFO  epoch 3 evaluating [time: 4.38s, valid_score: 0.001000]
Fri 03 Nov 2023 06:29:41 INFO  valid result: 
recall@10 : 0.0015    recall@20 : 0.0028    recall@50 : 0.0052    ndcg@10 : 0.001    ndcg@20 : 0.0014    ndcg@50 : 0.002
Fri 03 Nov 2023 06:29:41 INFO  Saving current: saved/NCL-Nov-03-2023_06-25-41.pth
Fri 03 Nov 2023 06:29:41 INFO  Saving current best: saved/NCL-Nov-03-2023_06-25-41.pth
Fri 03 Nov 2023 06:29:41 INFO  Running E-step ! 
Fri 03 Nov 2023 06:30:35 INFO  epoch 4 training [time: 53.59s, train_loss1: 350.6605, train_loss2: 0.0168]
Fri 03 Nov 2023 06:30:39 INFO  epoch 4 evaluating [time: 4.01s, valid_score: 0.001800]
Fri 03 Nov 2023 06:30:39 INFO  valid result: 
recall@10 : 0.0028    recall@20 : 0.0043    recall@50 : 0.0076    ndcg@10 : 0.0018    ndcg@20 : 0.0022    ndcg@50 : 0.003
Fri 03 Nov 2023 06:30:40 INFO  Saving current: saved/NCL-Nov-03-2023_06-25-41.pth
Fri 03 Nov 2023 06:30:40 INFO  Saving current best: saved/NCL-Nov-03-2023_06-25-41.pth
Fri 03 Nov 2023 06:30:40 INFO  Running E-step ! 
Fri 03 Nov 2023 06:31:34 INFO  epoch 5 training [time: 53.46s, train_loss1: 350.5542, train_loss2: 0.0206]
Fri 03 Nov 2023 06:31:39 INFO  epoch 5 evaluating [time: 4.62s, valid_score: 0.003300]
Fri 03 Nov 2023 06:31:39 INFO  valid result: 
recall@10 : 0.0049    recall@20 : 0.0074    recall@50 : 0.013    ndcg@10 : 0.0033    ndcg@20 : 0.004    ndcg@50 : 0.0054
Fri 03 Nov 2023 06:31:39 INFO  Saving current: saved/NCL-Nov-03-2023_06-25-41.pth
Fri 03 Nov 2023 06:31:39 INFO  Saving current best: saved/NCL-Nov-03-2023_06-25-41.pth
Fri 03 Nov 2023 06:31:39 INFO  Running E-step ! 
Fri 03 Nov 2023 06:32:33 INFO  epoch 6 training [time: 53.67s, train_loss1: 350.0895, train_loss2: 0.0427]
Fri 03 Nov 2023 06:32:37 INFO  epoch 6 evaluating [time: 3.97s, valid_score: 0.006900]
Fri 03 Nov 2023 06:32:37 INFO  valid result: 
recall@10 : 0.0099    recall@20 : 0.0154    recall@50 : 0.0264    ndcg@10 : 0.0069    ndcg@20 : 0.0085    ndcg@50 : 0.0113
Fri 03 Nov 2023 06:32:37 INFO  Saving current: saved/NCL-Nov-03-2023_06-25-41.pth
Fri 03 Nov 2023 06:32:37 INFO  Saving current best: saved/NCL-Nov-03-2023_06-25-41.pth
Fri 03 Nov 2023 06:32:37 INFO  Running E-step ! 
Fri 03 Nov 2023 06:33:32 INFO  epoch 7 training [time: 53.57s, train_loss1: 346.8965, train_loss2: 0.2929]
Fri 03 Nov 2023 06:33:36 INFO  epoch 7 evaluating [time: 3.95s, valid_score: 0.017500]
Fri 03 Nov 2023 06:33:36 INFO  valid result: 
recall@10 : 0.0258    recall@20 : 0.0408    recall@50 : 0.07    ndcg@10 : 0.0175    ndcg@20 : 0.0221    ndcg@50 : 0.0296
Fri 03 Nov 2023 06:33:36 INFO  Saving current: saved/NCL-Nov-03-2023_06-25-41.pth
Fri 03 Nov 2023 06:33:36 INFO  Saving current best: saved/NCL-Nov-03-2023_06-25-41.pth
Fri 03 Nov 2023 06:33:36 INFO  Running E-step ! 
Fri 03 Nov 2023 06:34:30 INFO  epoch 8 training [time: 53.41s, train_loss1: 296.3747, train_loss2: 6.6670]
Fri 03 Nov 2023 06:34:35 INFO  epoch 8 evaluating [time: 4.52s, valid_score: 0.022500]
Fri 03 Nov 2023 06:34:35 INFO  valid result: 
recall@10 : 0.0319    recall@20 : 0.0501    recall@50 : 0.0904    ndcg@10 : 0.0225    ndcg@20 : 0.0279    ndcg@50 : 0.0382
Fri 03 Nov 2023 06:34:35 INFO  Saving current: saved/NCL-Nov-03-2023_06-25-41.pth
Fri 03 Nov 2023 06:34:35 INFO  Saving current best: saved/NCL-Nov-03-2023_06-25-41.pth
Fri 03 Nov 2023 06:34:35 INFO  Running E-step ! 
Fri 03 Nov 2023 06:35:29 INFO  epoch 9 training [time: 53.37s, train_loss1: 127.5170, train_loss2: 17.7466]
Fri 03 Nov 2023 06:35:33 INFO  epoch 9 evaluating [time: 4.04s, valid_score: 0.022500]
Fri 03 Nov 2023 06:35:33 INFO  valid result: 
recall@10 : 0.0322    recall@20 : 0.051    recall@50 : 0.0936    ndcg@10 : 0.0225    ndcg@20 : 0.0281    ndcg@50 : 0.039
Fri 03 Nov 2023 06:35:33 INFO  Saving current: saved/NCL-Nov-03-2023_06-25-41.pth
Fri 03 Nov 2023 06:35:33 INFO  Saving current best: saved/NCL-Nov-03-2023_06-25-41.pth
Fri 03 Nov 2023 06:35:33 INFO  Running E-step ! 
Fri 03 Nov 2023 06:36:28 INFO  epoch 10 training [time: 53.73s, train_loss1: 86.6943, train_loss2: 17.2717]
Fri 03 Nov 2023 06:36:32 INFO  epoch 10 evaluating [time: 4.06s, valid_score: 0.024500]
Fri 03 Nov 2023 06:36:32 INFO  valid result: 
recall@10 : 0.0351    recall@20 : 0.0554    recall@50 : 0.1021    ndcg@10 : 0.0245    ndcg@20 : 0.0306    ndcg@50 : 0.0426
Fri 03 Nov 2023 06:36:32 INFO  Saving current: saved/NCL-Nov-03-2023_06-25-41.pth
Fri 03 Nov 2023 06:36:32 INFO  Saving current best: saved/NCL-Nov-03-2023_06-25-41.pth
Fri 03 Nov 2023 06:36:32 INFO  Running E-step ! 
Fri 03 Nov 2023 06:37:27 INFO  epoch 11 training [time: 53.70s, train_loss1: 72.8652, train_loss2: 16.3912]
Fri 03 Nov 2023 06:37:31 INFO  epoch 11 evaluating [time: 4.55s, valid_score: 0.026100]
Fri 03 Nov 2023 06:37:31 INFO  valid result: 
recall@10 : 0.0373    recall@20 : 0.0594    recall@50 : 0.1089    ndcg@10 : 0.0261    ndcg@20 : 0.0328    ndcg@50 : 0.0455
Fri 03 Nov 2023 06:37:31 INFO  Saving current: saved/NCL-Nov-03-2023_06-25-41.pth
Fri 03 Nov 2023 06:37:31 INFO  Saving current best: saved/NCL-Nov-03-2023_06-25-41.pth
Fri 03 Nov 2023 06:37:31 INFO  Running E-step ! 
Fri 03 Nov 2023 06:38:25 INFO  epoch 12 training [time: 53.38s, train_loss1: 64.7131, train_loss2: 15.6091]
Fri 03 Nov 2023 06:38:30 INFO  epoch 12 evaluating [time: 4.04s, valid_score: 0.027400]
Fri 03 Nov 2023 06:38:30 INFO  valid result: 
recall@10 : 0.0392    recall@20 : 0.063    recall@50 : 0.114    ndcg@10 : 0.0274    ndcg@20 : 0.0346    ndcg@50 : 0.0478
Fri 03 Nov 2023 06:38:30 INFO  Saving current: saved/NCL-Nov-03-2023_06-25-41.pth
Fri 03 Nov 2023 06:38:30 INFO  Saving current best: saved/NCL-Nov-03-2023_06-25-41.pth
Fri 03 Nov 2023 06:38:30 INFO  Running E-step ! 
Fri 03 Nov 2023 06:39:24 INFO  epoch 13 training [time: 53.60s, train_loss1: 59.2322, train_loss2: 14.9097]
Fri 03 Nov 2023 06:39:28 INFO  epoch 13 evaluating [time: 3.99s, valid_score: 0.028600]
Fri 03 Nov 2023 06:39:28 INFO  valid result: 
recall@10 : 0.0408    recall@20 : 0.0661    recall@50 : 0.1189    ndcg@10 : 0.0286    ndcg@20 : 0.0362    ndcg@50 : 0.0499
Fri 03 Nov 2023 06:39:28 INFO  Saving current: saved/NCL-Nov-03-2023_06-25-41.pth
Fri 03 Nov 2023 06:39:28 INFO  Saving current best: saved/NCL-Nov-03-2023_06-25-41.pth
Fri 03 Nov 2023 06:39:28 INFO  Running E-step ! 
Fri 03 Nov 2023 06:40:23 INFO  epoch 14 training [time: 53.44s, train_loss1: 55.0415, train_loss2: 14.2732]
Fri 03 Nov 2023 06:40:27 INFO  epoch 14 evaluating [time: 4.78s, valid_score: 0.030000]
Fri 03 Nov 2023 06:40:27 INFO  valid result: 
recall@10 : 0.043    recall@20 : 0.0689    recall@50 : 0.1235    ndcg@10 : 0.03    ndcg@20 : 0.0378    ndcg@50 : 0.0519
Fri 03 Nov 2023 06:40:28 INFO  Saving current: saved/NCL-Nov-03-2023_06-25-41.pth
Fri 03 Nov 2023 06:40:28 INFO  Saving current best: saved/NCL-Nov-03-2023_06-25-41.pth
Fri 03 Nov 2023 06:40:28 INFO  Running E-step ! 
Fri 03 Nov 2023 06:41:22 INFO  epoch 15 training [time: 53.49s, train_loss1: 51.4913, train_loss2: 13.6976]
Fri 03 Nov 2023 06:41:26 INFO  epoch 15 evaluating [time: 4.15s, valid_score: 0.031100]
Fri 03 Nov 2023 06:41:26 INFO  valid result: 
recall@10 : 0.0449    recall@20 : 0.0714    recall@50 : 0.1282    ndcg@10 : 0.0311    ndcg@20 : 0.0392    ndcg@50 : 0.0538
Fri 03 Nov 2023 06:41:26 INFO  Saving current: saved/NCL-Nov-03-2023_06-25-41.pth
Fri 03 Nov 2023 06:41:26 INFO  Saving current best: saved/NCL-Nov-03-2023_06-25-41.pth
Fri 03 Nov 2023 06:41:26 INFO  Running E-step ! 
Fri 03 Nov 2023 06:42:21 INFO  epoch 16 training [time: 53.51s, train_loss1: 48.6756, train_loss2: 13.1658]
Fri 03 Nov 2023 06:42:25 INFO  epoch 16 evaluating [time: 4.09s, valid_score: 0.032300]
Fri 03 Nov 2023 06:42:25 INFO  valid result: 
recall@10 : 0.0468    recall@20 : 0.0738    recall@50 : 0.1324    ndcg@10 : 0.0323    ndcg@20 : 0.0406    ndcg@50 : 0.0556
Fri 03 Nov 2023 06:42:25 INFO  Saving current: saved/NCL-Nov-03-2023_06-25-41.pth
Fri 03 Nov 2023 06:42:25 INFO  Saving current best: saved/NCL-Nov-03-2023_06-25-41.pth
Fri 03 Nov 2023 06:42:25 INFO  Running E-step ! 
Fri 03 Nov 2023 06:43:19 INFO  epoch 17 training [time: 53.38s, train_loss1: 45.9359, train_loss2: 12.6747]
Fri 03 Nov 2023 06:43:24 INFO  epoch 17 evaluating [time: 4.92s, valid_score: 0.033200]
Fri 03 Nov 2023 06:43:24 INFO  valid result: 
recall@10 : 0.0482    recall@20 : 0.0758    recall@50 : 0.1361    ndcg@10 : 0.0332    ndcg@20 : 0.0417    ndcg@50 : 0.0572
Fri 03 Nov 2023 06:43:24 INFO  Saving current: saved/NCL-Nov-03-2023_06-25-41.pth
Fri 03 Nov 2023 06:43:24 INFO  Saving current best: saved/NCL-Nov-03-2023_06-25-41.pth
Fri 03 Nov 2023 06:43:24 INFO  Running E-step ! 
Fri 03 Nov 2023 06:44:18 INFO  epoch 18 training [time: 53.32s, train_loss1: 43.8865, train_loss2: 12.2114]
Fri 03 Nov 2023 06:44:22 INFO  epoch 18 evaluating [time: 4.22s, valid_score: 0.034100]
Fri 03 Nov 2023 06:44:22 INFO  valid result: 
recall@10 : 0.0495    recall@20 : 0.0782    recall@50 : 0.1399    ndcg@10 : 0.0341    ndcg@20 : 0.0428    ndcg@50 : 0.0587
Fri 03 Nov 2023 06:44:23 INFO  Saving current: saved/NCL-Nov-03-2023_06-25-41.pth
Fri 03 Nov 2023 06:44:23 INFO  Saving current best: saved/NCL-Nov-03-2023_06-25-41.pth
Fri 03 Nov 2023 06:44:23 INFO  Running E-step ! 
Fri 03 Nov 2023 06:45:18 INFO  epoch 19 training [time: 53.88s, train_loss1: 41.7393, train_loss2: 11.7793]
Fri 03 Nov 2023 06:45:22 INFO  epoch 19 evaluating [time: 4.11s, valid_score: 0.035000]
Fri 03 Nov 2023 06:45:22 INFO  valid result: 
recall@10 : 0.0507    recall@20 : 0.0799    recall@50 : 0.1434    ndcg@10 : 0.035    ndcg@20 : 0.044    ndcg@50 : 0.0604
Fri 03 Nov 2023 06:45:22 INFO  Saving current: saved/NCL-Nov-03-2023_06-25-41.pth
Fri 03 Nov 2023 06:45:22 INFO  Saving current best: saved/NCL-Nov-03-2023_06-25-41.pth
Fri 03 Nov 2023 06:45:22 INFO  Running E-step ! 
Fri 03 Nov 2023 06:46:17 INFO  epoch 20 training [time: 54.29s, train_loss1: 40.0711, train_loss2: 11.3729, train_loss3: 0.4141]
Fri 03 Nov 2023 06:46:22 INFO  epoch 20 evaluating [time: 4.75s, valid_score: 0.036000]
Fri 03 Nov 2023 06:46:22 INFO  valid result: 
recall@10 : 0.0521    recall@20 : 0.0823    recall@50 : 0.147    ndcg@10 : 0.036    ndcg@20 : 0.0452    ndcg@50 : 0.0619
Fri 03 Nov 2023 06:46:22 INFO  Saving current: saved/NCL-Nov-03-2023_06-25-41.pth
Fri 03 Nov 2023 06:46:22 INFO  Saving current best: saved/NCL-Nov-03-2023_06-25-41.pth
Fri 03 Nov 2023 06:46:22 INFO  Running E-step ! 
Fri 03 Nov 2023 06:47:17 INFO  epoch 21 training [time: 54.25s, train_loss1: 38.4644, train_loss2: 10.9872, train_loss3: 0.3999]
Fri 03 Nov 2023 06:47:22 INFO  epoch 21 evaluating [time: 4.55s, valid_score: 0.036900]
Fri 03 Nov 2023 06:47:22 INFO  valid result: 
recall@10 : 0.0531    recall@20 : 0.0845    recall@50 : 0.1506    ndcg@10 : 0.0369    ndcg@20 : 0.0464    ndcg@50 : 0.0635
Fri 03 Nov 2023 06:47:22 INFO  Saving current: saved/NCL-Nov-03-2023_06-25-41.pth
Fri 03 Nov 2023 06:47:22 INFO  Saving current best: saved/NCL-Nov-03-2023_06-25-41.pth
Fri 03 Nov 2023 06:47:22 INFO  Running E-step ! 
Fri 03 Nov 2023 06:48:17 INFO  epoch 22 training [time: 54.43s, train_loss1: 37.0180, train_loss2: 10.6182, train_loss3: 0.3866]
Fri 03 Nov 2023 06:48:21 INFO  epoch 22 evaluating [time: 4.19s, valid_score: 0.037800]
Fri 03 Nov 2023 06:48:21 INFO  valid result: 
recall@10 : 0.0545    recall@20 : 0.0865    recall@50 : 0.1539    ndcg@10 : 0.0378    ndcg@20 : 0.0475    ndcg@50 : 0.065
Fri 03 Nov 2023 06:48:21 INFO  Saving current: saved/NCL-Nov-03-2023_06-25-41.pth
Fri 03 Nov 2023 06:48:21 INFO  Saving current best: saved/NCL-Nov-03-2023_06-25-41.pth
Fri 03 Nov 2023 06:48:21 INFO  Running E-step ! 
Fri 03 Nov 2023 06:49:17 INFO  epoch 23 training [time: 54.57s, train_loss1: 35.5154, train_loss2: 10.2732, train_loss3: 0.3752]
Fri 03 Nov 2023 06:49:21 INFO  epoch 23 evaluating [time: 4.06s, valid_score: 0.038600]
Fri 03 Nov 2023 06:49:21 INFO  valid result: 
recall@10 : 0.0558    recall@20 : 0.0884    recall@50 : 0.1571    ndcg@10 : 0.0386    ndcg@20 : 0.0486    ndcg@50 : 0.0663
Fri 03 Nov 2023 06:49:21 INFO  Saving current: saved/NCL-Nov-03-2023_06-25-41.pth
Fri 03 Nov 2023 06:49:21 INFO  Saving current best: saved/NCL-Nov-03-2023_06-25-41.pth
Fri 03 Nov 2023 06:49:21 INFO  Running E-step ! 
Fri 03 Nov 2023 06:50:16 INFO  epoch 24 training [time: 54.61s, train_loss1: 34.2440, train_loss2: 9.9527, train_loss3: 0.3645]
Fri 03 Nov 2023 06:50:21 INFO  epoch 24 evaluating [time: 4.38s, valid_score: 0.039300]
Fri 03 Nov 2023 06:50:21 INFO  valid result: 
recall@10 : 0.0567    recall@20 : 0.0905    recall@50 : 0.1604    ndcg@10 : 0.0393    ndcg@20 : 0.0496    ndcg@50 : 0.0677
Fri 03 Nov 2023 06:50:21 INFO  Saving current: saved/NCL-Nov-03-2023_06-25-41.pth
Fri 03 Nov 2023 06:50:21 INFO  Saving current best: saved/NCL-Nov-03-2023_06-25-41.pth
Fri 03 Nov 2023 06:50:21 INFO  Running E-step ! 
Fri 03 Nov 2023 06:51:16 INFO  epoch 25 training [time: 54.29s, train_loss1: 33.1040, train_loss2: 9.6411, train_loss3: 0.3565]
Fri 03 Nov 2023 06:51:21 INFO  epoch 25 evaluating [time: 4.66s, valid_score: 0.040200]
Fri 03 Nov 2023 06:51:21 INFO  valid result: 
recall@10 : 0.058    recall@20 : 0.0921    recall@50 : 0.1631    ndcg@10 : 0.0402    ndcg@20 : 0.0506    ndcg@50 : 0.069
Fri 03 Nov 2023 06:51:21 INFO  Saving current: saved/NCL-Nov-03-2023_06-25-41.pth
Fri 03 Nov 2023 06:51:21 INFO  Saving current best: saved/NCL-Nov-03-2023_06-25-41.pth
Fri 03 Nov 2023 06:51:21 INFO  Running E-step ! 
Fri 03 Nov 2023 06:52:16 INFO  epoch 26 training [time: 54.27s, train_loss1: 32.0091, train_loss2: 9.3499, train_loss3: 0.3488]
Fri 03 Nov 2023 06:52:20 INFO  epoch 26 evaluating [time: 4.05s, valid_score: 0.041000]
Fri 03 Nov 2023 06:52:20 INFO  valid result: 
recall@10 : 0.0592    recall@20 : 0.0935    recall@50 : 0.1659    ndcg@10 : 0.041    ndcg@20 : 0.0514    ndcg@50 : 0.0702
Fri 03 Nov 2023 06:52:20 INFO  Saving current: saved/NCL-Nov-03-2023_06-25-41.pth
Fri 03 Nov 2023 06:52:20 INFO  Saving current best: saved/NCL-Nov-03-2023_06-25-41.pth
Fri 03 Nov 2023 06:52:20 INFO  Running E-step ! 
Fri 03 Nov 2023 06:53:16 INFO  epoch 27 training [time: 54.43s, train_loss1: 30.8193, train_loss2: 9.0702, train_loss3: 0.3404]
Fri 03 Nov 2023 06:53:20 INFO  epoch 27 evaluating [time: 4.28s, valid_score: 0.041600]
Fri 03 Nov 2023 06:53:20 INFO  valid result: 
recall@10 : 0.0601    recall@20 : 0.0954    recall@50 : 0.1689    ndcg@10 : 0.0416    ndcg@20 : 0.0524    ndcg@50 : 0.0714
Fri 03 Nov 2023 06:53:20 INFO  Saving current: saved/NCL-Nov-03-2023_06-25-41.pth
Fri 03 Nov 2023 06:53:20 INFO  Saving current best: saved/NCL-Nov-03-2023_06-25-41.pth
Fri 03 Nov 2023 06:53:20 INFO  Running E-step ! 
Fri 03 Nov 2023 06:54:16 INFO  epoch 28 training [time: 54.70s, train_loss1: 29.9806, train_loss2: 8.8028, train_loss3: 0.3333]
Fri 03 Nov 2023 06:54:20 INFO  epoch 28 evaluating [time: 4.62s, valid_score: 0.042400]
Fri 03 Nov 2023 06:54:20 INFO  valid result: 
recall@10 : 0.0613    recall@20 : 0.0968    recall@50 : 0.1714    ndcg@10 : 0.0424    ndcg@20 : 0.0532    ndcg@50 : 0.0725
Fri 03 Nov 2023 06:54:21 INFO  Saving current: saved/NCL-Nov-03-2023_06-25-41.pth
Fri 03 Nov 2023 06:54:21 INFO  Saving current best: saved/NCL-Nov-03-2023_06-25-41.pth
Fri 03 Nov 2023 06:54:21 INFO  Running E-step ! 
Fri 03 Nov 2023 06:55:16 INFO  epoch 29 training [time: 54.30s, train_loss1: 29.0402, train_loss2: 8.5473, train_loss3: 0.3279]
Fri 03 Nov 2023 06:55:20 INFO  epoch 29 evaluating [time: 4.62s, valid_score: 0.043100]
Fri 03 Nov 2023 06:55:20 INFO  valid result: 
recall@10 : 0.0624    recall@20 : 0.0987    recall@50 : 0.1738    ndcg@10 : 0.0431    ndcg@20 : 0.0542    ndcg@50 : 0.0737
Fri 03 Nov 2023 06:55:21 INFO  Saving current: saved/NCL-Nov-03-2023_06-25-41.pth
Fri 03 Nov 2023 06:55:21 INFO  Saving current best: saved/NCL-Nov-03-2023_06-25-41.pth
Fri 03 Nov 2023 06:55:21 INFO  Running E-step ! 
Fri 03 Nov 2023 06:56:16 INFO  epoch 30 training [time: 54.37s, train_loss1: 28.1228, train_loss2: 8.3089, train_loss3: 0.3221]
Fri 03 Nov 2023 06:56:20 INFO  epoch 30 evaluating [time: 4.26s, valid_score: 0.043900]
Fri 03 Nov 2023 06:56:20 INFO  valid result: 
recall@10 : 0.0634    recall@20 : 0.1002    recall@50 : 0.1762    ndcg@10 : 0.0439    ndcg@20 : 0.0551    ndcg@50 : 0.0748
Fri 03 Nov 2023 06:56:20 INFO  Saving current: saved/NCL-Nov-03-2023_06-25-41.pth
Fri 03 Nov 2023 06:56:20 INFO  Saving current best: saved/NCL-Nov-03-2023_06-25-41.pth
Fri 03 Nov 2023 06:56:20 INFO  Running E-step ! 
Fri 03 Nov 2023 06:57:16 INFO  epoch 31 training [time: 54.56s, train_loss1: 27.2956, train_loss2: 8.0753, train_loss3: 0.3165]
Fri 03 Nov 2023 06:57:20 INFO  epoch 31 evaluating [time: 4.10s, valid_score: 0.044500]
Fri 03 Nov 2023 06:57:20 INFO  valid result: 
recall@10 : 0.0644    recall@20 : 0.1013    recall@50 : 0.179    ndcg@10 : 0.0445    ndcg@20 : 0.0558    ndcg@50 : 0.076
Fri 03 Nov 2023 06:57:20 INFO  Saving current: saved/NCL-Nov-03-2023_06-25-41.pth
Fri 03 Nov 2023 06:57:20 INFO  Saving current best: saved/NCL-Nov-03-2023_06-25-41.pth
Fri 03 Nov 2023 06:57:20 INFO  Running E-step ! 
Fri 03 Nov 2023 06:58:15 INFO  epoch 32 training [time: 54.41s, train_loss1: 26.5681, train_loss2: 7.8542, train_loss3: 0.3120]
Fri 03 Nov 2023 06:58:20 INFO  epoch 32 evaluating [time: 4.98s, valid_score: 0.045200]
Fri 03 Nov 2023 06:58:20 INFO  valid result: 
recall@10 : 0.0654    recall@20 : 0.1029    recall@50 : 0.1809    ndcg@10 : 0.0452    ndcg@20 : 0.0568    ndcg@50 : 0.077
Fri 03 Nov 2023 06:58:20 INFO  Saving current: saved/NCL-Nov-03-2023_06-25-41.pth
Fri 03 Nov 2023 06:58:20 INFO  Saving current best: saved/NCL-Nov-03-2023_06-25-41.pth
Fri 03 Nov 2023 06:58:20 INFO  Running E-step ! 
Fri 03 Nov 2023 06:59:15 INFO  epoch 33 training [time: 54.30s, train_loss1: 25.8788, train_loss2: 7.6437, train_loss3: 0.3085]
Fri 03 Nov 2023 06:59:20 INFO  epoch 33 evaluating [time: 4.64s, valid_score: 0.045900]
Fri 03 Nov 2023 06:59:20 INFO  valid result: 
recall@10 : 0.0663    recall@20 : 0.1041    recall@50 : 0.1831    ndcg@10 : 0.0459    ndcg@20 : 0.0575    ndcg@50 : 0.078
Fri 03 Nov 2023 06:59:20 INFO  Saving current: saved/NCL-Nov-03-2023_06-25-41.pth
Fri 03 Nov 2023 06:59:20 INFO  Saving current best: saved/NCL-Nov-03-2023_06-25-41.pth
Fri 03 Nov 2023 06:59:20 INFO  Running E-step ! 
Fri 03 Nov 2023 07:00:15 INFO  epoch 34 training [time: 54.28s, train_loss1: 25.1020, train_loss2: 7.4427, train_loss3: 0.3038]
Fri 03 Nov 2023 07:00:21 INFO  epoch 34 evaluating [time: 5.21s, valid_score: 0.046600]
Fri 03 Nov 2023 07:00:21 INFO  valid result: 
recall@10 : 0.0673    recall@20 : 0.1054    recall@50 : 0.1851    ndcg@10 : 0.0466    ndcg@20 : 0.0583    ndcg@50 : 0.079
Fri 03 Nov 2023 07:00:21 INFO  Saving current: saved/NCL-Nov-03-2023_06-25-41.pth
Fri 03 Nov 2023 07:00:21 INFO  Saving current best: saved/NCL-Nov-03-2023_06-25-41.pth
Fri 03 Nov 2023 07:00:21 INFO  Running E-step ! 
Fri 03 Nov 2023 07:01:16 INFO  epoch 35 training [time: 54.28s, train_loss1: 24.3024, train_loss2: 7.2552, train_loss3: 0.3002]
Fri 03 Nov 2023 07:01:20 INFO  epoch 35 evaluating [time: 4.19s, valid_score: 0.047100]
Fri 03 Nov 2023 07:01:20 INFO  valid result: 
recall@10 : 0.0681    recall@20 : 0.107    recall@50 : 0.1868    ndcg@10 : 0.0471    ndcg@20 : 0.0591    ndcg@50 : 0.0797
Fri 03 Nov 2023 07:01:21 INFO  Saving current: saved/NCL-Nov-03-2023_06-25-41.pth
Fri 03 Nov 2023 07:01:21 INFO  Saving current best: saved/NCL-Nov-03-2023_06-25-41.pth
Fri 03 Nov 2023 07:01:21 INFO  Running E-step ! 
Fri 03 Nov 2023 07:02:16 INFO  epoch 36 training [time: 54.50s, train_loss1: 23.7851, train_loss2: 7.0712, train_loss3: 0.2968]
Fri 03 Nov 2023 07:02:20 INFO  epoch 36 evaluating [time: 4.20s, valid_score: 0.047800]
Fri 03 Nov 2023 07:02:20 INFO  valid result: 
recall@10 : 0.069    recall@20 : 0.1085    recall@50 : 0.1886    ndcg@10 : 0.0478    ndcg@20 : 0.0599    ndcg@50 : 0.0806
Fri 03 Nov 2023 07:02:20 INFO  Saving current: saved/NCL-Nov-03-2023_06-25-41.pth
Fri 03 Nov 2023 07:02:20 INFO  Saving current best: saved/NCL-Nov-03-2023_06-25-41.pth
Fri 03 Nov 2023 07:02:20 INFO  Running E-step ! 
Fri 03 Nov 2023 07:03:16 INFO  epoch 37 training [time: 54.59s, train_loss1: 23.2254, train_loss2: 6.8900, train_loss3: 0.2938]
Fri 03 Nov 2023 07:03:20 INFO  epoch 37 evaluating [time: 4.74s, valid_score: 0.048300]
Fri 03 Nov 2023 07:03:20 INFO  valid result: 
recall@10 : 0.0697    recall@20 : 0.1096    recall@50 : 0.1903    ndcg@10 : 0.0483    ndcg@20 : 0.0606    ndcg@50 : 0.0815
Fri 03 Nov 2023 07:03:21 INFO  Saving current: saved/NCL-Nov-03-2023_06-25-41.pth
Fri 03 Nov 2023 07:03:21 INFO  Saving current best: saved/NCL-Nov-03-2023_06-25-41.pth
Fri 03 Nov 2023 07:03:21 INFO  Running E-step ! 
Fri 03 Nov 2023 07:04:16 INFO  epoch 38 training [time: 54.42s, train_loss1: 22.5700, train_loss2: 6.7158, train_loss3: 0.2907]
Fri 03 Nov 2023 07:04:20 INFO  epoch 38 evaluating [time: 4.21s, valid_score: 0.048900]
Fri 03 Nov 2023 07:04:20 INFO  valid result: 
recall@10 : 0.0706    recall@20 : 0.1108    recall@50 : 0.192    ndcg@10 : 0.0489    ndcg@20 : 0.0613    ndcg@50 : 0.0823
Fri 03 Nov 2023 07:04:20 INFO  Saving current: saved/NCL-Nov-03-2023_06-25-41.pth
Fri 03 Nov 2023 07:04:20 INFO  Saving current best: saved/NCL-Nov-03-2023_06-25-41.pth
Fri 03 Nov 2023 07:04:20 INFO  Running E-step ! 
Fri 03 Nov 2023 07:05:16 INFO  epoch 39 training [time: 54.53s, train_loss1: 22.1517, train_loss2: 6.5506, train_loss3: 0.2879]
Fri 03 Nov 2023 07:05:20 INFO  epoch 39 evaluating [time: 4.15s, valid_score: 0.049700]
Fri 03 Nov 2023 07:05:20 INFO  valid result: 
recall@10 : 0.0719    recall@20 : 0.1123    recall@50 : 0.1939    ndcg@10 : 0.0497    ndcg@20 : 0.0621    ndcg@50 : 0.0833
Fri 03 Nov 2023 07:05:20 INFO  Saving current: saved/NCL-Nov-03-2023_06-25-41.pth
Fri 03 Nov 2023 07:05:20 INFO  Saving current best: saved/NCL-Nov-03-2023_06-25-41.pth
Fri 03 Nov 2023 07:05:20 INFO  Running E-step ! 
Fri 03 Nov 2023 07:06:16 INFO  epoch 40 training [time: 54.67s, train_loss1: 21.5722, train_loss2: 6.3916, train_loss3: 0.2860]
Fri 03 Nov 2023 07:06:20 INFO  epoch 40 evaluating [time: 4.12s, valid_score: 0.050300]
Fri 03 Nov 2023 07:06:20 INFO  valid result: 
recall@10 : 0.0729    recall@20 : 0.1135    recall@50 : 0.1954    ndcg@10 : 0.0503    ndcg@20 : 0.0628    ndcg@50 : 0.084
Fri 03 Nov 2023 07:06:20 INFO  Saving current: saved/NCL-Nov-03-2023_06-25-41.pth
Fri 03 Nov 2023 07:06:20 INFO  Saving current best: saved/NCL-Nov-03-2023_06-25-41.pth
Fri 03 Nov 2023 07:06:20 INFO  Running E-step ! 
Fri 03 Nov 2023 07:07:15 INFO  epoch 41 training [time: 54.56s, train_loss1: 21.0120, train_loss2: 6.2426, train_loss3: 0.2836]
Fri 03 Nov 2023 07:07:20 INFO  epoch 41 evaluating [time: 4.71s, valid_score: 0.050900]
Fri 03 Nov 2023 07:07:20 INFO  valid result: 
recall@10 : 0.0737    recall@20 : 0.1147    recall@50 : 0.1968    ndcg@10 : 0.0509    ndcg@20 : 0.0635    ndcg@50 : 0.0848
Fri 03 Nov 2023 07:07:20 INFO  Saving current: saved/NCL-Nov-03-2023_06-25-41.pth
Fri 03 Nov 2023 07:07:20 INFO  Saving current best: saved/NCL-Nov-03-2023_06-25-41.pth
Fri 03 Nov 2023 07:07:20 INFO  Running E-step ! 
Fri 03 Nov 2023 07:08:16 INFO  epoch 42 training [time: 54.33s, train_loss1: 20.4366, train_loss2: 6.0966, train_loss3: 0.2820]
Fri 03 Nov 2023 07:08:20 INFO  epoch 42 evaluating [time: 4.25s, valid_score: 0.051400]
Fri 03 Nov 2023 07:08:20 INFO  valid result: 
recall@10 : 0.0744    recall@20 : 0.116    recall@50 : 0.1979    ndcg@10 : 0.0514    ndcg@20 : 0.0641    ndcg@50 : 0.0854
Fri 03 Nov 2023 07:08:20 INFO  Saving current: saved/NCL-Nov-03-2023_06-25-41.pth
Fri 03 Nov 2023 07:08:20 INFO  Saving current best: saved/NCL-Nov-03-2023_06-25-41.pth
Fri 03 Nov 2023 07:08:20 INFO  Running E-step ! 
Fri 03 Nov 2023 07:09:15 INFO  epoch 43 training [time: 54.38s, train_loss1: 20.1043, train_loss2: 5.9585, train_loss3: 0.2800]
Fri 03 Nov 2023 07:09:20 INFO  epoch 43 evaluating [time: 4.02s, valid_score: 0.051900]
Fri 03 Nov 2023 07:09:20 INFO  valid result: 
recall@10 : 0.0749    recall@20 : 0.1171    recall@50 : 0.199    ndcg@10 : 0.0519    ndcg@20 : 0.0648    ndcg@50 : 0.0861
Fri 03 Nov 2023 07:09:20 INFO  Saving current: saved/NCL-Nov-03-2023_06-25-41.pth
Fri 03 Nov 2023 07:09:20 INFO  Saving current best: saved/NCL-Nov-03-2023_06-25-41.pth
Fri 03 Nov 2023 07:09:20 INFO  Running E-step ! 
Fri 03 Nov 2023 07:10:15 INFO  epoch 44 training [time: 54.56s, train_loss1: 19.8036, train_loss2: 5.8229, train_loss3: 0.2794]
Fri 03 Nov 2023 07:10:19 INFO  epoch 44 evaluating [time: 4.30s, valid_score: 0.052300]
Fri 03 Nov 2023 07:10:19 INFO  valid result: 
recall@10 : 0.0755    recall@20 : 0.1176    recall@50 : 0.2005    ndcg@10 : 0.0523    ndcg@20 : 0.0652    ndcg@50 : 0.0868
Fri 03 Nov 2023 07:10:20 INFO  Saving current: saved/NCL-Nov-03-2023_06-25-41.pth
Fri 03 Nov 2023 07:10:20 INFO  Saving current best: saved/NCL-Nov-03-2023_06-25-41.pth
Fri 03 Nov 2023 07:10:20 INFO  Running E-step ! 
Fri 03 Nov 2023 07:11:15 INFO  epoch 45 training [time: 54.30s, train_loss1: 19.3173, train_loss2: 5.6884, train_loss3: 0.2782]
Fri 03 Nov 2023 07:11:20 INFO  epoch 45 evaluating [time: 5.33s, valid_score: 0.052800]
Fri 03 Nov 2023 07:11:20 INFO  valid result: 
recall@10 : 0.0764    recall@20 : 0.1185    recall@50 : 0.2018    ndcg@10 : 0.0528    ndcg@20 : 0.0658    ndcg@50 : 0.0874
Fri 03 Nov 2023 07:11:20 INFO  Saving current: saved/NCL-Nov-03-2023_06-25-41.pth
Fri 03 Nov 2023 07:11:20 INFO  Saving current best: saved/NCL-Nov-03-2023_06-25-41.pth
Fri 03 Nov 2023 07:11:20 INFO  Running E-step ! 
Fri 03 Nov 2023 07:12:15 INFO  epoch 46 training [time: 54.40s, train_loss1: 18.9045, train_loss2: 5.5639, train_loss3: 0.2774]
Fri 03 Nov 2023 07:12:20 INFO  epoch 46 evaluating [time: 4.12s, valid_score: 0.053200]
Fri 03 Nov 2023 07:12:20 INFO  valid result: 
recall@10 : 0.0769    recall@20 : 0.1195    recall@50 : 0.2029    ndcg@10 : 0.0532    ndcg@20 : 0.0663    ndcg@50 : 0.088
Fri 03 Nov 2023 07:12:20 INFO  Saving current: saved/NCL-Nov-03-2023_06-25-41.pth
Fri 03 Nov 2023 07:12:20 INFO  Saving current best: saved/NCL-Nov-03-2023_06-25-41.pth
Fri 03 Nov 2023 07:12:20 INFO  Running E-step ! 
Fri 03 Nov 2023 07:13:15 INFO  epoch 47 training [time: 54.56s, train_loss1: 18.2313, train_loss2: 5.4410, train_loss3: 0.2752]
Fri 03 Nov 2023 07:13:20 INFO  epoch 47 evaluating [time: 4.23s, valid_score: 0.053700]
Fri 03 Nov 2023 07:13:20 INFO  valid result: 
recall@10 : 0.0777    recall@20 : 0.1205    recall@50 : 0.2039    ndcg@10 : 0.0537    ndcg@20 : 0.0668    ndcg@50 : 0.0885
Fri 03 Nov 2023 07:13:20 INFO  Saving current: saved/NCL-Nov-03-2023_06-25-41.pth
Fri 03 Nov 2023 07:13:20 INFO  Saving current best: saved/NCL-Nov-03-2023_06-25-41.pth
Fri 03 Nov 2023 07:13:20 INFO  Running E-step ! 
Fri 03 Nov 2023 07:14:15 INFO  epoch 48 training [time: 54.55s, train_loss1: 18.0780, train_loss2: 5.3251, train_loss3: 0.2738]
Fri 03 Nov 2023 07:14:20 INFO  epoch 48 evaluating [time: 4.60s, valid_score: 0.054100]
Fri 03 Nov 2023 07:14:20 INFO  valid result: 
recall@10 : 0.078    recall@20 : 0.1212    recall@50 : 0.2048    ndcg@10 : 0.0541    ndcg@20 : 0.0673    ndcg@50 : 0.0891
Fri 03 Nov 2023 07:14:20 INFO  Saving current: saved/NCL-Nov-03-2023_06-25-41.pth
Fri 03 Nov 2023 07:14:20 INFO  Saving current best: saved/NCL-Nov-03-2023_06-25-41.pth
Fri 03 Nov 2023 07:14:20 INFO  Running E-step ! 
Fri 03 Nov 2023 07:15:15 INFO  epoch 49 training [time: 54.36s, train_loss1: 17.7774, train_loss2: 5.2090, train_loss3: 0.2732]
Fri 03 Nov 2023 07:15:20 INFO  epoch 49 evaluating [time: 4.79s, valid_score: 0.054600]
Fri 03 Nov 2023 07:15:20 INFO  valid result: 
recall@10 : 0.0789    recall@20 : 0.1224    recall@50 : 0.2054    ndcg@10 : 0.0546    ndcg@20 : 0.068    ndcg@50 : 0.0896
Fri 03 Nov 2023 07:15:20 INFO  Saving current: saved/NCL-Nov-03-2023_06-25-41.pth
Fri 03 Nov 2023 07:15:20 INFO  Saving current best: saved/NCL-Nov-03-2023_06-25-41.pth
Fri 03 Nov 2023 07:15:20 INFO  Running E-step ! 
Fri 03 Nov 2023 07:16:16 INFO  epoch 50 training [time: 54.59s, train_loss1: 17.4635, train_loss2: 5.1003, train_loss3: 0.2733]
Fri 03 Nov 2023 07:16:20 INFO  epoch 50 evaluating [time: 4.16s, valid_score: 0.055100]
Fri 03 Nov 2023 07:16:20 INFO  valid result: 
recall@10 : 0.0794    recall@20 : 0.1229    recall@50 : 0.2064    ndcg@10 : 0.0551    ndcg@20 : 0.0685    ndcg@50 : 0.0902
Fri 03 Nov 2023 07:16:20 INFO  Saving current: saved/NCL-Nov-03-2023_06-25-41.pth
Fri 03 Nov 2023 07:16:20 INFO  Saving current best: saved/NCL-Nov-03-2023_06-25-41.pth
Fri 03 Nov 2023 07:16:20 INFO  Running E-step ! 
Fri 03 Nov 2023 07:17:16 INFO  epoch 51 training [time: 54.61s, train_loss1: 16.9831, train_loss2: 4.9919, train_loss3: 0.2717]
Fri 03 Nov 2023 07:17:20 INFO  epoch 51 evaluating [time: 4.07s, valid_score: 0.055400]
Fri 03 Nov 2023 07:17:20 INFO  valid result: 
recall@10 : 0.0798    recall@20 : 0.1239    recall@50 : 0.2074    ndcg@10 : 0.0554    ndcg@20 : 0.069    ndcg@50 : 0.0907
Fri 03 Nov 2023 07:17:20 INFO  Saving current: saved/NCL-Nov-03-2023_06-25-41.pth
Fri 03 Nov 2023 07:17:20 INFO  Saving current best: saved/NCL-Nov-03-2023_06-25-41.pth
Fri 03 Nov 2023 07:17:20 INFO  Running E-step ! 
Fri 03 Nov 2023 07:18:15 INFO  epoch 52 training [time: 54.72s, train_loss1: 16.5823, train_loss2: 4.8928, train_loss3: 0.2717]
Fri 03 Nov 2023 07:18:20 INFO  epoch 52 evaluating [time: 4.44s, valid_score: 0.055800]
Fri 03 Nov 2023 07:18:20 INFO  valid result: 
recall@10 : 0.0807    recall@20 : 0.1245    recall@50 : 0.2081    ndcg@10 : 0.0558    ndcg@20 : 0.0693    ndcg@50 : 0.0911
Fri 03 Nov 2023 07:18:20 INFO  Saving current: saved/NCL-Nov-03-2023_06-25-41.pth
Fri 03 Nov 2023 07:18:20 INFO  Saving current best: saved/NCL-Nov-03-2023_06-25-41.pth
Fri 03 Nov 2023 07:18:20 INFO  Running E-step ! 
Fri 03 Nov 2023 07:19:15 INFO  epoch 53 training [time: 54.42s, train_loss1: 16.3476, train_loss2: 4.7961, train_loss3: 0.2716]
Fri 03 Nov 2023 07:19:20 INFO  epoch 53 evaluating [time: 4.66s, valid_score: 0.056300]
Fri 03 Nov 2023 07:19:20 INFO  valid result: 
recall@10 : 0.0811    recall@20 : 0.1252    recall@50 : 0.2087    ndcg@10 : 0.0563    ndcg@20 : 0.0698    ndcg@50 : 0.0916
Fri 03 Nov 2023 07:19:20 INFO  Saving current: saved/NCL-Nov-03-2023_06-25-41.pth
Fri 03 Nov 2023 07:19:20 INFO  Saving current best: saved/NCL-Nov-03-2023_06-25-41.pth
Fri 03 Nov 2023 07:19:20 INFO  Running E-step ! 
Fri 03 Nov 2023 07:20:16 INFO  epoch 54 training [time: 54.67s, train_loss1: 16.1240, train_loss2: 4.6967, train_loss3: 0.2699]
Fri 03 Nov 2023 07:20:20 INFO  epoch 54 evaluating [time: 4.29s, valid_score: 0.056700]
Fri 03 Nov 2023 07:20:20 INFO  valid result: 
recall@10 : 0.0815    recall@20 : 0.1259    recall@50 : 0.2096    ndcg@10 : 0.0567    ndcg@20 : 0.0703    ndcg@50 : 0.0921
Fri 03 Nov 2023 07:20:20 INFO  Saving current: saved/NCL-Nov-03-2023_06-25-41.pth
Fri 03 Nov 2023 07:20:20 INFO  Saving current best: saved/NCL-Nov-03-2023_06-25-41.pth
Fri 03 Nov 2023 07:20:20 INFO  Running E-step ! 
Fri 03 Nov 2023 07:21:16 INFO  epoch 55 training [time: 54.61s, train_loss1: 15.9767, train_loss2: 4.6018, train_loss3: 0.2704]
Fri 03 Nov 2023 07:21:20 INFO  epoch 55 evaluating [time: 4.10s, valid_score: 0.057200]
Fri 03 Nov 2023 07:21:20 INFO  valid result: 
recall@10 : 0.0823    recall@20 : 0.1266    recall@50 : 0.2105    ndcg@10 : 0.0572    ndcg@20 : 0.0707    ndcg@50 : 0.0926
Fri 03 Nov 2023 07:21:20 INFO  Saving current: saved/NCL-Nov-03-2023_06-25-41.pth
Fri 03 Nov 2023 07:21:20 INFO  Saving current best: saved/NCL-Nov-03-2023_06-25-41.pth
Fri 03 Nov 2023 07:21:20 INFO  Running E-step ! 
Fri 03 Nov 2023 07:22:15 INFO  epoch 56 training [time: 54.50s, train_loss1: 15.5072, train_loss2: 4.5128, train_loss3: 0.2690]
Fri 03 Nov 2023 07:22:20 INFO  epoch 56 evaluating [time: 4.51s, valid_score: 0.057300]
Fri 03 Nov 2023 07:22:20 INFO  valid result: 
recall@10 : 0.0823    recall@20 : 0.1274    recall@50 : 0.2111    ndcg@10 : 0.0573    ndcg@20 : 0.0711    ndcg@50 : 0.093
Fri 03 Nov 2023 07:22:20 INFO  Saving current: saved/NCL-Nov-03-2023_06-25-41.pth
Fri 03 Nov 2023 07:22:20 INFO  Saving current best: saved/NCL-Nov-03-2023_06-25-41.pth
Fri 03 Nov 2023 07:22:20 INFO  Running E-step ! 
Fri 03 Nov 2023 07:23:15 INFO  epoch 57 training [time: 54.34s, train_loss1: 15.1560, train_loss2: 4.4288, train_loss3: 0.2680]
Fri 03 Nov 2023 07:23:20 INFO  epoch 57 evaluating [time: 4.83s, valid_score: 0.057700]
Fri 03 Nov 2023 07:23:20 INFO  valid result: 
recall@10 : 0.0829    recall@20 : 0.1279    recall@50 : 0.2117    ndcg@10 : 0.0577    ndcg@20 : 0.0715    ndcg@50 : 0.0934
Fri 03 Nov 2023 07:23:20 INFO  Saving current: saved/NCL-Nov-03-2023_06-25-41.pth
Fri 03 Nov 2023 07:23:20 INFO  Saving current best: saved/NCL-Nov-03-2023_06-25-41.pth
Fri 03 Nov 2023 07:23:20 INFO  Running E-step ! 
Fri 03 Nov 2023 07:24:16 INFO  epoch 58 training [time: 54.36s, train_loss1: 15.0176, train_loss2: 4.3398, train_loss3: 0.2679]
Fri 03 Nov 2023 07:24:20 INFO  epoch 58 evaluating [time: 4.19s, valid_score: 0.058100]
Fri 03 Nov 2023 07:24:20 INFO  valid result: 
recall@10 : 0.0833    recall@20 : 0.1285    recall@50 : 0.2121    ndcg@10 : 0.0581    ndcg@20 : 0.0719    ndcg@50 : 0.0938
Fri 03 Nov 2023 07:24:20 INFO  Saving current: saved/NCL-Nov-03-2023_06-25-41.pth
Fri 03 Nov 2023 07:24:20 INFO  Saving current best: saved/NCL-Nov-03-2023_06-25-41.pth
Fri 03 Nov 2023 07:24:20 INFO  Running E-step ! 
Fri 03 Nov 2023 07:25:16 INFO  epoch 59 training [time: 54.72s, train_loss1: 14.7678, train_loss2: 4.2547, train_loss3: 0.2681]
Fri 03 Nov 2023 07:25:20 INFO  epoch 59 evaluating [time: 4.07s, valid_score: 0.058300]
Fri 03 Nov 2023 07:25:20 INFO  valid result: 
recall@10 : 0.0836    recall@20 : 0.129    recall@50 : 0.2126    ndcg@10 : 0.0583    ndcg@20 : 0.0722    ndcg@50 : 0.0941
Fri 03 Nov 2023 07:25:20 INFO  Saving current: saved/NCL-Nov-03-2023_06-25-41.pth
Fri 03 Nov 2023 07:25:20 INFO  Saving current best: saved/NCL-Nov-03-2023_06-25-41.pth
Fri 03 Nov 2023 07:25:20 INFO  Running E-step ! 
Fri 03 Nov 2023 07:26:15 INFO  epoch 60 training [time: 54.55s, train_loss1: 14.4399, train_loss2: 4.1742, train_loss3: 0.2672]
Fri 03 Nov 2023 07:26:20 INFO  epoch 60 evaluating [time: 4.38s, valid_score: 0.058600]
Fri 03 Nov 2023 07:26:20 INFO  valid result: 
recall@10 : 0.0839    recall@20 : 0.1291    recall@50 : 0.2131    ndcg@10 : 0.0586    ndcg@20 : 0.0725    ndcg@50 : 0.0944
Fri 03 Nov 2023 07:26:20 INFO  Saving current: saved/NCL-Nov-03-2023_06-25-41.pth
Fri 03 Nov 2023 07:26:20 INFO  Saving current best: saved/NCL-Nov-03-2023_06-25-41.pth
Fri 03 Nov 2023 07:26:20 INFO  Running E-step ! 
Fri 03 Nov 2023 07:27:15 INFO  epoch 61 training [time: 54.32s, train_loss1: 14.3304, train_loss2: 4.0990, train_loss3: 0.2674]
Fri 03 Nov 2023 07:27:20 INFO  epoch 61 evaluating [time: 4.66s, valid_score: 0.058800]
Fri 03 Nov 2023 07:27:20 INFO  valid result: 
recall@10 : 0.0841    recall@20 : 0.1297    recall@50 : 0.2138    ndcg@10 : 0.0588    ndcg@20 : 0.0728    ndcg@50 : 0.0948
Fri 03 Nov 2023 07:27:20 INFO  Saving current: saved/NCL-Nov-03-2023_06-25-41.pth
Fri 03 Nov 2023 07:27:20 INFO  Saving current best: saved/NCL-Nov-03-2023_06-25-41.pth
Fri 03 Nov 2023 07:27:20 INFO  Running E-step ! 
Fri 03 Nov 2023 07:28:15 INFO  epoch 62 training [time: 54.41s, train_loss1: 14.1030, train_loss2: 4.0238, train_loss3: 0.2661]
Fri 03 Nov 2023 07:28:19 INFO  epoch 62 evaluating [time: 4.11s, valid_score: 0.059200]
Fri 03 Nov 2023 07:28:19 INFO  valid result: 
recall@10 : 0.0846    recall@20 : 0.1298    recall@50 : 0.214    ndcg@10 : 0.0592    ndcg@20 : 0.0731    ndcg@50 : 0.0951
Fri 03 Nov 2023 07:28:19 INFO  Saving current: saved/NCL-Nov-03-2023_06-25-41.pth
Fri 03 Nov 2023 07:28:19 INFO  Saving current best: saved/NCL-Nov-03-2023_06-25-41.pth
Fri 03 Nov 2023 07:28:19 INFO  Running E-step ! 
Fri 03 Nov 2023 07:29:15 INFO  epoch 63 training [time: 54.67s, train_loss1: 13.8173, train_loss2: 3.9522, train_loss3: 0.2660]
Fri 03 Nov 2023 07:29:19 INFO  epoch 63 evaluating [time: 4.09s, valid_score: 0.059400]
Fri 03 Nov 2023 07:29:19 INFO  valid result: 
recall@10 : 0.085    recall@20 : 0.1305    recall@50 : 0.2146    ndcg@10 : 0.0594    ndcg@20 : 0.0734    ndcg@50 : 0.0954
Fri 03 Nov 2023 07:29:19 INFO  Saving current: saved/NCL-Nov-03-2023_06-25-41.pth
Fri 03 Nov 2023 07:29:19 INFO  Saving current best: saved/NCL-Nov-03-2023_06-25-41.pth
Fri 03 Nov 2023 07:29:19 INFO  Running E-step ! 
Fri 03 Nov 2023 07:30:14 INFO  epoch 64 training [time: 54.35s, train_loss1: 13.6718, train_loss2: 3.8825, train_loss3: 0.2672]
Fri 03 Nov 2023 07:30:19 INFO  epoch 64 evaluating [time: 4.39s, valid_score: 0.059800]
Fri 03 Nov 2023 07:30:19 INFO  valid result: 
recall@10 : 0.0856    recall@20 : 0.1309    recall@50 : 0.2151    ndcg@10 : 0.0598    ndcg@20 : 0.0737    ndcg@50 : 0.0957
Fri 03 Nov 2023 07:30:19 INFO  Saving current: saved/NCL-Nov-03-2023_06-25-41.pth
Fri 03 Nov 2023 07:30:19 INFO  Saving current best: saved/NCL-Nov-03-2023_06-25-41.pth
Fri 03 Nov 2023 07:30:19 INFO  Running E-step ! 
Fri 03 Nov 2023 07:31:14 INFO  epoch 65 training [time: 54.24s, train_loss1: 13.4723, train_loss2: 3.8136, train_loss3: 0.2661]
Fri 03 Nov 2023 07:31:19 INFO  epoch 65 evaluating [time: 4.64s, valid_score: 0.060000]
Fri 03 Nov 2023 07:31:19 INFO  valid result: 
recall@10 : 0.0857    recall@20 : 0.131    recall@50 : 0.2156    ndcg@10 : 0.06    ndcg@20 : 0.0739    ndcg@50 : 0.0961
Fri 03 Nov 2023 07:31:19 INFO  Saving current: saved/NCL-Nov-03-2023_06-25-41.pth
Fri 03 Nov 2023 07:31:19 INFO  Saving current best: saved/NCL-Nov-03-2023_06-25-41.pth
Fri 03 Nov 2023 07:31:19 INFO  Running E-step ! 
Fri 03 Nov 2023 07:32:14 INFO  epoch 66 training [time: 54.37s, train_loss1: 13.1672, train_loss2: 3.7481, train_loss3: 0.2658]
Fri 03 Nov 2023 07:32:18 INFO  epoch 66 evaluating [time: 4.47s, valid_score: 0.060400]
Fri 03 Nov 2023 07:32:18 INFO  valid result: 
recall@10 : 0.0861    recall@20 : 0.1316    recall@50 : 0.2162    ndcg@10 : 0.0604    ndcg@20 : 0.0743    ndcg@50 : 0.0964
Fri 03 Nov 2023 07:32:19 INFO  Saving current: saved/NCL-Nov-03-2023_06-25-41.pth
Fri 03 Nov 2023 07:32:19 INFO  Saving current best: saved/NCL-Nov-03-2023_06-25-41.pth
Fri 03 Nov 2023 07:32:19 INFO  Running E-step ! 
Fri 03 Nov 2023 07:33:14 INFO  epoch 67 training [time: 54.77s, train_loss1: 12.9891, train_loss2: 3.6831, train_loss3: 0.2661]
Fri 03 Nov 2023 07:33:19 INFO  epoch 67 evaluating [time: 4.54s, valid_score: 0.060700]
Fri 03 Nov 2023 07:33:19 INFO  valid result: 
recall@10 : 0.0868    recall@20 : 0.1323    recall@50 : 0.2165    ndcg@10 : 0.0607    ndcg@20 : 0.0746    ndcg@50 : 0.0967
Fri 03 Nov 2023 07:33:19 INFO  Saving current: saved/NCL-Nov-03-2023_06-25-41.pth
Fri 03 Nov 2023 07:33:19 INFO  Saving current best: saved/NCL-Nov-03-2023_06-25-41.pth
Fri 03 Nov 2023 07:33:19 INFO  Running E-step ! 
Fri 03 Nov 2023 07:34:15 INFO  epoch 68 training [time: 54.57s, train_loss1: 12.7095, train_loss2: 3.6217, train_loss3: 0.2664]
Fri 03 Nov 2023 07:34:19 INFO  epoch 68 evaluating [time: 4.27s, valid_score: 0.061000]
Fri 03 Nov 2023 07:34:19 INFO  valid result: 
recall@10 : 0.0873    recall@20 : 0.1326    recall@50 : 0.2168    ndcg@10 : 0.061    ndcg@20 : 0.0749    ndcg@50 : 0.0969
Fri 03 Nov 2023 07:34:19 INFO  Saving current: saved/NCL-Nov-03-2023_06-25-41.pth
Fri 03 Nov 2023 07:34:19 INFO  Saving current best: saved/NCL-Nov-03-2023_06-25-41.pth
Fri 03 Nov 2023 07:34:19 INFO  Running E-step ! 
Fri 03 Nov 2023 07:35:14 INFO  epoch 69 training [time: 54.28s, train_loss1: 12.6816, train_loss2: 3.5592, train_loss3: 0.2656]
Fri 03 Nov 2023 07:35:19 INFO  epoch 69 evaluating [time: 4.75s, valid_score: 0.061200]
Fri 03 Nov 2023 07:35:19 INFO  valid result: 
recall@10 : 0.0875    recall@20 : 0.1328    recall@50 : 0.2172    ndcg@10 : 0.0612    ndcg@20 : 0.0751    ndcg@50 : 0.0972
Fri 03 Nov 2023 07:35:19 INFO  Saving current: saved/NCL-Nov-03-2023_06-25-41.pth
Fri 03 Nov 2023 07:35:19 INFO  Saving current best: saved/NCL-Nov-03-2023_06-25-41.pth
Fri 03 Nov 2023 07:35:19 INFO  Running E-step ! 
Fri 03 Nov 2023 07:36:14 INFO  epoch 70 training [time: 54.40s, train_loss1: 12.4849, train_loss2: 3.4990, train_loss3: 0.2659]
Fri 03 Nov 2023 07:36:18 INFO  epoch 70 evaluating [time: 4.06s, valid_score: 0.061500]
Fri 03 Nov 2023 07:36:18 INFO  valid result: 
recall@10 : 0.088    recall@20 : 0.1331    recall@50 : 0.2173    ndcg@10 : 0.0615    ndcg@20 : 0.0753    ndcg@50 : 0.0974
Fri 03 Nov 2023 07:36:18 INFO  Saving current: saved/NCL-Nov-03-2023_06-25-41.pth
Fri 03 Nov 2023 07:36:18 INFO  Saving current best: saved/NCL-Nov-03-2023_06-25-41.pth
Fri 03 Nov 2023 07:36:18 INFO  Running E-step ! 
Fri 03 Nov 2023 07:37:14 INFO  epoch 71 training [time: 54.48s, train_loss1: 12.2658, train_loss2: 3.4438, train_loss3: 0.2664]
Fri 03 Nov 2023 07:37:18 INFO  epoch 71 evaluating [time: 4.04s, valid_score: 0.061700]
Fri 03 Nov 2023 07:37:18 INFO  valid result: 
recall@10 : 0.0883    recall@20 : 0.1336    recall@50 : 0.2178    ndcg@10 : 0.0617    ndcg@20 : 0.0755    ndcg@50 : 0.0976
Fri 03 Nov 2023 07:37:18 INFO  Saving current: saved/NCL-Nov-03-2023_06-25-41.pth
Fri 03 Nov 2023 07:37:18 INFO  Saving current best: saved/NCL-Nov-03-2023_06-25-41.pth
Fri 03 Nov 2023 07:37:18 INFO  Running E-step ! 
Fri 03 Nov 2023 07:38:14 INFO  epoch 72 training [time: 54.58s, train_loss1: 12.1729, train_loss2: 3.3888, train_loss3: 0.2660]
Fri 03 Nov 2023 07:38:18 INFO  epoch 72 evaluating [time: 4.76s, valid_score: 0.061900]
Fri 03 Nov 2023 07:38:18 INFO  valid result: 
recall@10 : 0.0886    recall@20 : 0.1335    recall@50 : 0.2183    ndcg@10 : 0.0619    ndcg@20 : 0.0757    ndcg@50 : 0.0979
Fri 03 Nov 2023 07:38:18 INFO  Saving current: saved/NCL-Nov-03-2023_06-25-41.pth
Fri 03 Nov 2023 07:38:18 INFO  Saving current best: saved/NCL-Nov-03-2023_06-25-41.pth
Fri 03 Nov 2023 07:38:18 INFO  Running E-step ! 
Fri 03 Nov 2023 07:39:14 INFO  epoch 73 training [time: 54.41s, train_loss1: 11.8601, train_loss2: 3.3347, train_loss3: 0.2666]
Fri 03 Nov 2023 07:39:18 INFO  epoch 73 evaluating [time: 4.41s, valid_score: 0.062100]
Fri 03 Nov 2023 07:39:18 INFO  valid result: 
recall@10 : 0.0888    recall@20 : 0.134    recall@50 : 0.2183    ndcg@10 : 0.0621    ndcg@20 : 0.0759    ndcg@50 : 0.098
Fri 03 Nov 2023 07:39:18 INFO  Saving current: saved/NCL-Nov-03-2023_06-25-41.pth
Fri 03 Nov 2023 07:39:18 INFO  Saving current best: saved/NCL-Nov-03-2023_06-25-41.pth
Fri 03 Nov 2023 07:39:18 INFO  Running E-step ! 
Fri 03 Nov 2023 07:40:14 INFO  epoch 74 training [time: 54.43s, train_loss1: 11.7639, train_loss2: 3.2827, train_loss3: 0.2661]
Fri 03 Nov 2023 07:40:18 INFO  epoch 74 evaluating [time: 4.20s, valid_score: 0.062300]
Fri 03 Nov 2023 07:40:18 INFO  valid result: 
recall@10 : 0.0889    recall@20 : 0.1342    recall@50 : 0.2183    ndcg@10 : 0.0623    ndcg@20 : 0.0761    ndcg@50 : 0.0982
Fri 03 Nov 2023 07:40:18 INFO  Saving current: saved/NCL-Nov-03-2023_06-25-41.pth
Fri 03 Nov 2023 07:40:18 INFO  Saving current best: saved/NCL-Nov-03-2023_06-25-41.pth
Fri 03 Nov 2023 07:40:18 INFO  Running E-step ! 
Fri 03 Nov 2023 07:41:13 INFO  epoch 75 training [time: 54.46s, train_loss1: 11.5938, train_loss2: 3.2315, train_loss3: 0.2668]
Fri 03 Nov 2023 07:41:18 INFO  epoch 75 evaluating [time: 4.32s, valid_score: 0.062300]
Fri 03 Nov 2023 07:41:18 INFO  valid result: 
recall@10 : 0.089    recall@20 : 0.1351    recall@50 : 0.2186    ndcg@10 : 0.0623    ndcg@20 : 0.0764    ndcg@50 : 0.0983
Fri 03 Nov 2023 07:41:18 INFO  Saving current: saved/NCL-Nov-03-2023_06-25-41.pth
Fri 03 Nov 2023 07:41:18 INFO  Saving current best: saved/NCL-Nov-03-2023_06-25-41.pth
Fri 03 Nov 2023 07:41:18 INFO  Running E-step ! 
Fri 03 Nov 2023 07:42:13 INFO  epoch 76 training [time: 54.49s, train_loss1: 11.5452, train_loss2: 3.1802, train_loss3: 0.2675]
Fri 03 Nov 2023 07:42:18 INFO  epoch 76 evaluating [time: 4.70s, valid_score: 0.062500]
Fri 03 Nov 2023 07:42:18 INFO  valid result: 
recall@10 : 0.0892    recall@20 : 0.1348    recall@50 : 0.219    ndcg@10 : 0.0625    ndcg@20 : 0.0765    ndcg@50 : 0.0985
Fri 03 Nov 2023 07:42:18 INFO  Saving current: saved/NCL-Nov-03-2023_06-25-41.pth
Fri 03 Nov 2023 07:42:18 INFO  Saving current best: saved/NCL-Nov-03-2023_06-25-41.pth
Fri 03 Nov 2023 07:42:18 INFO  Running E-step ! 
Fri 03 Nov 2023 07:43:13 INFO  epoch 77 training [time: 54.32s, train_loss1: 11.3814, train_loss2: 3.1304, train_loss3: 0.2677]
Fri 03 Nov 2023 07:43:17 INFO  epoch 77 evaluating [time: 4.06s, valid_score: 0.062600]
Fri 03 Nov 2023 07:43:17 INFO  valid result: 
recall@10 : 0.0892    recall@20 : 0.1351    recall@50 : 0.2193    ndcg@10 : 0.0626    ndcg@20 : 0.0766    ndcg@50 : 0.0987
Fri 03 Nov 2023 07:43:18 INFO  Saving current: saved/NCL-Nov-03-2023_06-25-41.pth
Fri 03 Nov 2023 07:43:18 INFO  Saving current best: saved/NCL-Nov-03-2023_06-25-41.pth
Fri 03 Nov 2023 07:43:18 INFO  Running E-step ! 
Fri 03 Nov 2023 07:44:13 INFO  epoch 78 training [time: 54.40s, train_loss1: 11.3100, train_loss2: 3.0827, train_loss3: 0.2689]
Fri 03 Nov 2023 07:44:17 INFO  epoch 78 evaluating [time: 4.06s, valid_score: 0.062800]
Fri 03 Nov 2023 07:44:17 INFO  valid result: 
recall@10 : 0.0893    recall@20 : 0.1357    recall@50 : 0.2194    ndcg@10 : 0.0628    ndcg@20 : 0.0769    ndcg@50 : 0.0989
Fri 03 Nov 2023 07:44:17 INFO  Saving current: saved/NCL-Nov-03-2023_06-25-41.pth
Fri 03 Nov 2023 07:44:17 INFO  Saving current best: saved/NCL-Nov-03-2023_06-25-41.pth
Fri 03 Nov 2023 07:44:17 INFO  Running E-step ! 
Fri 03 Nov 2023 07:45:12 INFO  epoch 79 training [time: 54.23s, train_loss1: 11.0607, train_loss2: 3.0366, train_loss3: 0.2681]
Fri 03 Nov 2023 07:45:17 INFO  epoch 79 evaluating [time: 4.50s, valid_score: 0.063000]
Fri 03 Nov 2023 07:45:17 INFO  valid result: 
recall@10 : 0.0897    recall@20 : 0.1357    recall@50 : 0.2198    ndcg@10 : 0.063    ndcg@20 : 0.077    ndcg@50 : 0.0991
Fri 03 Nov 2023 07:45:17 INFO  Saving current: saved/NCL-Nov-03-2023_06-25-41.pth
Fri 03 Nov 2023 07:45:17 INFO  Saving current best: saved/NCL-Nov-03-2023_06-25-41.pth
Fri 03 Nov 2023 07:45:17 INFO  Running E-step ! 
Fri 03 Nov 2023 07:46:12 INFO  epoch 80 training [time: 54.26s, train_loss1: 10.9080, train_loss2: 2.9938, train_loss3: 0.2681]
Fri 03 Nov 2023 07:46:17 INFO  epoch 80 evaluating [time: 4.59s, valid_score: 0.063100]
Fri 03 Nov 2023 07:46:17 INFO  valid result: 
recall@10 : 0.09    recall@20 : 0.1359    recall@50 : 0.2197    ndcg@10 : 0.0631    ndcg@20 : 0.0772    ndcg@50 : 0.0991
Fri 03 Nov 2023 07:46:17 INFO  Saving current: saved/NCL-Nov-03-2023_06-25-41.pth
Fri 03 Nov 2023 07:46:17 INFO  Saving current best: saved/NCL-Nov-03-2023_06-25-41.pth
Fri 03 Nov 2023 07:46:17 INFO  Running E-step ! 
Fri 03 Nov 2023 07:47:12 INFO  epoch 81 training [time: 54.48s, train_loss1: 10.7280, train_loss2: 2.9531, train_loss3: 0.2690]
Fri 03 Nov 2023 07:47:16 INFO  epoch 81 evaluating [time: 4.13s, valid_score: 0.063200]
Fri 03 Nov 2023 07:47:16 INFO  valid result: 
recall@10 : 0.09    recall@20 : 0.1364    recall@50 : 0.2199    ndcg@10 : 0.0632    ndcg@20 : 0.0773    ndcg@50 : 0.0993
Fri 03 Nov 2023 07:47:17 INFO  Saving current: saved/NCL-Nov-03-2023_06-25-41.pth
Fri 03 Nov 2023 07:47:17 INFO  Saving current best: saved/NCL-Nov-03-2023_06-25-41.pth
Fri 03 Nov 2023 07:47:17 INFO  Running E-step ! 
Fri 03 Nov 2023 07:48:12 INFO  epoch 82 training [time: 54.64s, train_loss1: 10.6746, train_loss2: 2.9107, train_loss3: 0.2687]
Fri 03 Nov 2023 07:48:16 INFO  epoch 82 evaluating [time: 4.10s, valid_score: 0.063500]
Fri 03 Nov 2023 07:48:16 INFO  valid result: 
recall@10 : 0.0903    recall@20 : 0.1366    recall@50 : 0.22    ndcg@10 : 0.0635    ndcg@20 : 0.0776    ndcg@50 : 0.0995
Fri 03 Nov 2023 07:48:16 INFO  Saving current: saved/NCL-Nov-03-2023_06-25-41.pth
Fri 03 Nov 2023 07:48:16 INFO  Saving current best: saved/NCL-Nov-03-2023_06-25-41.pth
Fri 03 Nov 2023 07:48:16 INFO  Running E-step ! 
Fri 03 Nov 2023 07:49:12 INFO  epoch 83 training [time: 54.49s, train_loss1: 10.5011, train_loss2: 2.8690, train_loss3: 0.2699]
Fri 03 Nov 2023 07:49:16 INFO  epoch 83 evaluating [time: 4.38s, valid_score: 0.063600]
Fri 03 Nov 2023 07:49:16 INFO  valid result: 
recall@10 : 0.0901    recall@20 : 0.1368    recall@50 : 0.2203    ndcg@10 : 0.0636    ndcg@20 : 0.0778    ndcg@50 : 0.0997
Fri 03 Nov 2023 07:49:16 INFO  Saving current: saved/NCL-Nov-03-2023_06-25-41.pth
Fri 03 Nov 2023 07:49:16 INFO  Saving current best: saved/NCL-Nov-03-2023_06-25-41.pth
Fri 03 Nov 2023 07:49:16 INFO  Running E-step ! 
Fri 03 Nov 2023 07:50:11 INFO  epoch 84 training [time: 54.28s, train_loss1: 10.3144, train_loss2: 2.8275, train_loss3: 0.2699]
Fri 03 Nov 2023 07:50:16 INFO  epoch 84 evaluating [time: 4.49s, valid_score: 0.063700]
Fri 03 Nov 2023 07:50:16 INFO  valid result: 
recall@10 : 0.0905    recall@20 : 0.1368    recall@50 : 0.2203    ndcg@10 : 0.0637    ndcg@20 : 0.0779    ndcg@50 : 0.0998
Fri 03 Nov 2023 07:50:16 INFO  Saving current: saved/NCL-Nov-03-2023_06-25-41.pth
Fri 03 Nov 2023 07:50:16 INFO  Saving current best: saved/NCL-Nov-03-2023_06-25-41.pth
Fri 03 Nov 2023 07:50:16 INFO  Running E-step ! 
Fri 03 Nov 2023 07:51:11 INFO  epoch 85 training [time: 54.44s, train_loss1: 10.2001, train_loss2: 2.7908, train_loss3: 0.2711]
Fri 03 Nov 2023 07:51:15 INFO  epoch 85 evaluating [time: 4.07s, valid_score: 0.063800]
Fri 03 Nov 2023 07:51:15 INFO  valid result: 
recall@10 : 0.0906    recall@20 : 0.1367    recall@50 : 0.2205    ndcg@10 : 0.0638    ndcg@20 : 0.0778    ndcg@50 : 0.0998
Fri 03 Nov 2023 07:51:16 INFO  Saving current: saved/NCL-Nov-03-2023_06-25-41.pth
Fri 03 Nov 2023 07:51:16 INFO  Saving current best: saved/NCL-Nov-03-2023_06-25-41.pth
Fri 03 Nov 2023 07:51:16 INFO  Running E-step ! 
Fri 03 Nov 2023 07:52:11 INFO  epoch 86 training [time: 54.48s, train_loss1: 10.0983, train_loss2: 2.7539, train_loss3: 0.2706]
Fri 03 Nov 2023 07:52:15 INFO  epoch 86 evaluating [time: 4.08s, valid_score: 0.063900]
Fri 03 Nov 2023 07:52:15 INFO  valid result: 
recall@10 : 0.0907    recall@20 : 0.1371    recall@50 : 0.2203    ndcg@10 : 0.0639    ndcg@20 : 0.0781    ndcg@50 : 0.0999
Fri 03 Nov 2023 07:52:15 INFO  Saving current: saved/NCL-Nov-03-2023_06-25-41.pth
Fri 03 Nov 2023 07:52:15 INFO  Saving current best: saved/NCL-Nov-03-2023_06-25-41.pth
Fri 03 Nov 2023 07:52:15 INFO  Running E-step ! 
Fri 03 Nov 2023 07:53:10 INFO  epoch 87 training [time: 54.35s, train_loss1: 9.9954, train_loss2: 2.7152, train_loss3: 0.2724]
Fri 03 Nov 2023 07:53:15 INFO  epoch 87 evaluating [time: 4.68s, valid_score: 0.064000]
Fri 03 Nov 2023 07:53:15 INFO  valid result: 
recall@10 : 0.0908    recall@20 : 0.137    recall@50 : 0.2204    ndcg@10 : 0.064    ndcg@20 : 0.0781    ndcg@50 : 0.1
Fri 03 Nov 2023 07:53:15 INFO  Saving current: saved/NCL-Nov-03-2023_06-25-41.pth
Fri 03 Nov 2023 07:53:15 INFO  Saving current best: saved/NCL-Nov-03-2023_06-25-41.pth
Fri 03 Nov 2023 07:53:15 INFO  Running E-step ! 
Fri 03 Nov 2023 07:54:10 INFO  epoch 88 training [time: 54.33s, train_loss1: 9.8101, train_loss2: 2.6817, train_loss3: 0.2723]
Fri 03 Nov 2023 07:54:15 INFO  epoch 88 evaluating [time: 4.41s, valid_score: 0.064100]
Fri 03 Nov 2023 07:54:15 INFO  valid result: 
recall@10 : 0.0909    recall@20 : 0.137    recall@50 : 0.2206    ndcg@10 : 0.0641    ndcg@20 : 0.0781    ndcg@50 : 0.1001
Fri 03 Nov 2023 07:54:15 INFO  Saving current: saved/NCL-Nov-03-2023_06-25-41.pth
Fri 03 Nov 2023 07:54:15 INFO  Saving current best: saved/NCL-Nov-03-2023_06-25-41.pth
Fri 03 Nov 2023 07:54:15 INFO  Running E-step ! 
Fri 03 Nov 2023 07:55:10 INFO  epoch 89 training [time: 54.54s, train_loss1: 9.8125, train_loss2: 2.6456, train_loss3: 0.2734]
Fri 03 Nov 2023 07:55:15 INFO  epoch 89 evaluating [time: 4.17s, valid_score: 0.064400]
Fri 03 Nov 2023 07:55:15 INFO  valid result: 
recall@10 : 0.0913    recall@20 : 0.1375    recall@50 : 0.2211    ndcg@10 : 0.0644    ndcg@20 : 0.0784    ndcg@50 : 0.1004
Fri 03 Nov 2023 07:55:15 INFO  Saving current: saved/NCL-Nov-03-2023_06-25-41.pth
Fri 03 Nov 2023 07:55:15 INFO  Saving current best: saved/NCL-Nov-03-2023_06-25-41.pth
Fri 03 Nov 2023 07:55:15 INFO  Running E-step ! 
Fri 03 Nov 2023 07:56:10 INFO  epoch 90 training [time: 54.38s, train_loss1: 9.7478, train_loss2: 2.6108, train_loss3: 0.2729]
Fri 03 Nov 2023 07:56:14 INFO  epoch 90 evaluating [time: 4.12s, valid_score: 0.064500]
Fri 03 Nov 2023 07:56:14 INFO  valid result: 
recall@10 : 0.0914    recall@20 : 0.1376    recall@50 : 0.2213    ndcg@10 : 0.0645    ndcg@20 : 0.0786    ndcg@50 : 0.1005
Fri 03 Nov 2023 07:56:14 INFO  Saving current: saved/NCL-Nov-03-2023_06-25-41.pth
Fri 03 Nov 2023 07:56:14 INFO  Saving current best: saved/NCL-Nov-03-2023_06-25-41.pth
Fri 03 Nov 2023 07:56:14 INFO  Running E-step ! 
Fri 03 Nov 2023 07:57:09 INFO  epoch 91 training [time: 54.27s, train_loss1: 9.6551, train_loss2: 2.5762, train_loss3: 0.2739]
Fri 03 Nov 2023 07:57:14 INFO  epoch 91 evaluating [time: 4.72s, valid_score: 0.064500]
Fri 03 Nov 2023 07:57:14 INFO  valid result: 
recall@10 : 0.0915    recall@20 : 0.1375    recall@50 : 0.2217    ndcg@10 : 0.0645    ndcg@20 : 0.0786    ndcg@50 : 0.1007
Fri 03 Nov 2023 07:57:14 INFO  Saving current: saved/NCL-Nov-03-2023_06-25-41.pth
Fri 03 Nov 2023 07:57:14 INFO  Saving current best: saved/NCL-Nov-03-2023_06-25-41.pth
Fri 03 Nov 2023 07:57:14 INFO  Running E-step ! 
Fri 03 Nov 2023 07:58:09 INFO  epoch 92 training [time: 54.28s, train_loss1: 9.4083, train_loss2: 2.5458, train_loss3: 0.2745]
Fri 03 Nov 2023 07:58:13 INFO  epoch 92 evaluating [time: 4.14s, valid_score: 0.064700]
Fri 03 Nov 2023 07:58:13 INFO  valid result: 
recall@10 : 0.0916    recall@20 : 0.1376    recall@50 : 0.2215    ndcg@10 : 0.0647    ndcg@20 : 0.0787    ndcg@50 : 0.1007
Fri 03 Nov 2023 07:58:14 INFO  Saving current: saved/NCL-Nov-03-2023_06-25-41.pth
Fri 03 Nov 2023 07:58:14 INFO  Saving current best: saved/NCL-Nov-03-2023_06-25-41.pth
Fri 03 Nov 2023 07:58:14 INFO  Running E-step ! 
Fri 03 Nov 2023 07:59:09 INFO  epoch 93 training [time: 54.36s, train_loss1: 9.4120, train_loss2: 2.5119, train_loss3: 0.2754]
Fri 03 Nov 2023 07:59:13 INFO  epoch 93 evaluating [time: 4.00s, valid_score: 0.064700]
Fri 03 Nov 2023 07:59:13 INFO  valid result: 
recall@10 : 0.0917    recall@20 : 0.1377    recall@50 : 0.2215    ndcg@10 : 0.0647    ndcg@20 : 0.0788    ndcg@50 : 0.1007
Fri 03 Nov 2023 07:59:13 INFO  Saving current: saved/NCL-Nov-03-2023_06-25-41.pth
Fri 03 Nov 2023 07:59:13 INFO  Saving current best: saved/NCL-Nov-03-2023_06-25-41.pth
Fri 03 Nov 2023 07:59:13 INFO  Running E-step ! 
Fri 03 Nov 2023 08:00:09 INFO  epoch 94 training [time: 54.46s, train_loss1: 9.2622, train_loss2: 2.4828, train_loss3: 0.2749]
Fri 03 Nov 2023 08:00:13 INFO  epoch 94 evaluating [time: 4.71s, valid_score: 0.064800]
Fri 03 Nov 2023 08:00:13 INFO  valid result: 
recall@10 : 0.092    recall@20 : 0.1374    recall@50 : 0.2214    ndcg@10 : 0.0648    ndcg@20 : 0.0787    ndcg@50 : 0.1007
Fri 03 Nov 2023 08:00:14 INFO  Saving current: saved/NCL-Nov-03-2023_06-25-41.pth
Fri 03 Nov 2023 08:00:14 INFO  Saving current best: saved/NCL-Nov-03-2023_06-25-41.pth
Fri 03 Nov 2023 08:00:14 INFO  Running E-step ! 
Fri 03 Nov 2023 08:01:09 INFO  epoch 95 training [time: 54.27s, train_loss1: 9.2239, train_loss2: 2.4534, train_loss3: 0.2765]
Fri 03 Nov 2023 08:01:13 INFO  epoch 95 evaluating [time: 4.25s, valid_score: 0.064800]
Fri 03 Nov 2023 08:01:13 INFO  valid result: 
recall@10 : 0.0918    recall@20 : 0.1378    recall@50 : 0.2219    ndcg@10 : 0.0648    ndcg@20 : 0.0788    ndcg@50 : 0.1009
Fri 03 Nov 2023 08:01:13 INFO  Saving current: saved/NCL-Nov-03-2023_06-25-41.pth
Fri 03 Nov 2023 08:01:13 INFO  Saving current best: saved/NCL-Nov-03-2023_06-25-41.pth
Fri 03 Nov 2023 08:01:13 INFO  Running E-step ! 
Fri 03 Nov 2023 08:02:08 INFO  epoch 96 training [time: 54.35s, train_loss1: 9.1338, train_loss2: 2.4244, train_loss3: 0.2761]
Fri 03 Nov 2023 08:02:13 INFO  epoch 96 evaluating [time: 4.08s, valid_score: 0.064900]
Fri 03 Nov 2023 08:02:13 INFO  valid result: 
recall@10 : 0.0918    recall@20 : 0.1379    recall@50 : 0.222    ndcg@10 : 0.0649    ndcg@20 : 0.079    ndcg@50 : 0.101
Fri 03 Nov 2023 08:02:13 INFO  Saving current: saved/NCL-Nov-03-2023_06-25-41.pth
Fri 03 Nov 2023 08:02:13 INFO  Saving current best: saved/NCL-Nov-03-2023_06-25-41.pth
Fri 03 Nov 2023 08:02:13 INFO  Running E-step ! 
Fri 03 Nov 2023 08:03:08 INFO  epoch 97 training [time: 54.56s, train_loss1: 9.0994, train_loss2: 2.3932, train_loss3: 0.2773]
Fri 03 Nov 2023 08:03:12 INFO  epoch 97 evaluating [time: 4.22s, valid_score: 0.065000]
Fri 03 Nov 2023 08:03:12 INFO  valid result: 
recall@10 : 0.092    recall@20 : 0.138    recall@50 : 0.2218    ndcg@10 : 0.065    ndcg@20 : 0.0791    ndcg@50 : 0.1011
Fri 03 Nov 2023 08:03:13 INFO  Saving current: saved/NCL-Nov-03-2023_06-25-41.pth
Fri 03 Nov 2023 08:03:13 INFO  Saving current best: saved/NCL-Nov-03-2023_06-25-41.pth
Fri 03 Nov 2023 08:03:13 INFO  Running E-step ! 
Fri 03 Nov 2023 08:04:08 INFO  epoch 98 training [time: 54.55s, train_loss1: 8.9384, train_loss2: 2.3615, train_loss3: 0.2782]
Fri 03 Nov 2023 08:04:13 INFO  epoch 98 evaluating [time: 4.74s, valid_score: 0.065200]
Fri 03 Nov 2023 08:04:13 INFO  valid result: 
recall@10 : 0.0923    recall@20 : 0.1381    recall@50 : 0.2217    ndcg@10 : 0.0652    ndcg@20 : 0.0791    ndcg@50 : 0.1011
Fri 03 Nov 2023 08:04:13 INFO  Saving current: saved/NCL-Nov-03-2023_06-25-41.pth
Fri 03 Nov 2023 08:04:13 INFO  Saving current best: saved/NCL-Nov-03-2023_06-25-41.pth
Fri 03 Nov 2023 08:04:13 INFO  Running E-step ! 
Fri 03 Nov 2023 08:05:08 INFO  epoch 99 training [time: 54.46s, train_loss1: 8.7878, train_loss2: 2.3334, train_loss3: 0.2776]
Fri 03 Nov 2023 08:05:12 INFO  epoch 99 evaluating [time: 4.10s, valid_score: 0.065100]
Fri 03 Nov 2023 08:05:12 INFO  valid result: 
recall@10 : 0.0922    recall@20 : 0.1379    recall@50 : 0.2217    ndcg@10 : 0.0651    ndcg@20 : 0.0791    ndcg@50 : 0.1011
Fri 03 Nov 2023 08:05:12 INFO  Running E-step ! 
Fri 03 Nov 2023 08:06:08 INFO  epoch 100 training [time: 54.49s, train_loss1: 8.7964, train_loss2: 2.3086, train_loss3: 0.2785]
Fri 03 Nov 2023 08:06:12 INFO  epoch 100 evaluating [time: 4.10s, valid_score: 0.065200]
Fri 03 Nov 2023 08:06:12 INFO  valid result: 
recall@10 : 0.0922    recall@20 : 0.1384    recall@50 : 0.2219    ndcg@10 : 0.0652    ndcg@20 : 0.0793    ndcg@50 : 0.1012
Fri 03 Nov 2023 08:06:12 INFO  Saving current: saved/NCL-Nov-03-2023_06-25-41.pth
Fri 03 Nov 2023 08:06:12 INFO  Saving current best: saved/NCL-Nov-03-2023_06-25-41.pth
Fri 03 Nov 2023 08:06:12 INFO  Running E-step ! 
Fri 03 Nov 2023 08:07:07 INFO  epoch 101 training [time: 54.42s, train_loss1: 8.7490, train_loss2: 2.2839, train_loss3: 0.2795]
Fri 03 Nov 2023 08:07:12 INFO  epoch 101 evaluating [time: 4.48s, valid_score: 0.065200]
Fri 03 Nov 2023 08:07:12 INFO  valid result: 
recall@10 : 0.092    recall@20 : 0.1383    recall@50 : 0.2215    ndcg@10 : 0.0652    ndcg@20 : 0.0793    ndcg@50 : 0.1011
Fri 03 Nov 2023 08:07:12 INFO  Saving current: saved/NCL-Nov-03-2023_06-25-41.pth
Fri 03 Nov 2023 08:07:12 INFO  Saving current best: saved/NCL-Nov-03-2023_06-25-41.pth
Fri 03 Nov 2023 08:07:12 INFO  Running E-step ! 
Fri 03 Nov 2023 08:08:07 INFO  epoch 102 training [time: 54.26s, train_loss1: 8.6098, train_loss2: 2.2556, train_loss3: 0.2804]
Fri 03 Nov 2023 08:08:12 INFO  epoch 102 evaluating [time: 4.95s, valid_score: 0.065300]
Fri 03 Nov 2023 08:08:12 INFO  valid result: 
recall@10 : 0.092    recall@20 : 0.1383    recall@50 : 0.2213    ndcg@10 : 0.0653    ndcg@20 : 0.0794    ndcg@50 : 0.1012
Fri 03 Nov 2023 08:08:12 INFO  Saving current: saved/NCL-Nov-03-2023_06-25-41.pth
Fri 03 Nov 2023 08:08:12 INFO  Saving current best: saved/NCL-Nov-03-2023_06-25-41.pth
Fri 03 Nov 2023 08:08:12 INFO  Running E-step ! 
Fri 03 Nov 2023 08:09:08 INFO  epoch 103 training [time: 54.58s, train_loss1: 8.4597, train_loss2: 2.2319, train_loss3: 0.2798]
Fri 03 Nov 2023 08:09:12 INFO  epoch 103 evaluating [time: 4.18s, valid_score: 0.065400]
Fri 03 Nov 2023 08:09:12 INFO  valid result: 
recall@10 : 0.0924    recall@20 : 0.138    recall@50 : 0.2212    ndcg@10 : 0.0654    ndcg@20 : 0.0794    ndcg@50 : 0.1012
Fri 03 Nov 2023 08:09:12 INFO  Saving current: saved/NCL-Nov-03-2023_06-25-41.pth
Fri 03 Nov 2023 08:09:12 INFO  Saving current best: saved/NCL-Nov-03-2023_06-25-41.pth
Fri 03 Nov 2023 08:09:12 INFO  Running E-step ! 
Fri 03 Nov 2023 08:10:08 INFO  epoch 104 training [time: 54.73s, train_loss1: 8.4286, train_loss2: 2.2101, train_loss3: 0.2819]
Fri 03 Nov 2023 08:10:12 INFO  epoch 104 evaluating [time: 4.14s, valid_score: 0.065600]
Fri 03 Nov 2023 08:10:12 INFO  valid result: 
recall@10 : 0.0926    recall@20 : 0.138    recall@50 : 0.2216    ndcg@10 : 0.0656    ndcg@20 : 0.0795    ndcg@50 : 0.1014
Fri 03 Nov 2023 08:10:12 INFO  Saving current: saved/NCL-Nov-03-2023_06-25-41.pth
Fri 03 Nov 2023 08:10:12 INFO  Saving current best: saved/NCL-Nov-03-2023_06-25-41.pth
Fri 03 Nov 2023 08:10:12 INFO  Running E-step ! 
Fri 03 Nov 2023 08:11:07 INFO  epoch 105 training [time: 54.59s, train_loss1: 8.3101, train_loss2: 2.1880, train_loss3: 0.2817]
Fri 03 Nov 2023 08:11:12 INFO  epoch 105 evaluating [time: 4.87s, valid_score: 0.065600]
Fri 03 Nov 2023 08:11:12 INFO  valid result: 
recall@10 : 0.0924    recall@20 : 0.1384    recall@50 : 0.2219    ndcg@10 : 0.0656    ndcg@20 : 0.0796    ndcg@50 : 0.1015
Fri 03 Nov 2023 08:11:13 INFO  Saving current: saved/NCL-Nov-03-2023_06-25-41.pth
Fri 03 Nov 2023 08:11:13 INFO  Saving current best: saved/NCL-Nov-03-2023_06-25-41.pth
Fri 03 Nov 2023 08:11:13 INFO  Running E-step ! 
Fri 03 Nov 2023 08:12:08 INFO  epoch 106 training [time: 54.66s, train_loss1: 8.2680, train_loss2: 2.1658, train_loss3: 0.2820]
Fri 03 Nov 2023 08:12:12 INFO  epoch 106 evaluating [time: 4.34s, valid_score: 0.065700]
Fri 03 Nov 2023 08:12:12 INFO  valid result: 
recall@10 : 0.0927    recall@20 : 0.1382    recall@50 : 0.2217    ndcg@10 : 0.0657    ndcg@20 : 0.0797    ndcg@50 : 0.1016
Fri 03 Nov 2023 08:12:13 INFO  Saving current: saved/NCL-Nov-03-2023_06-25-41.pth
Fri 03 Nov 2023 08:12:13 INFO  Saving current best: saved/NCL-Nov-03-2023_06-25-41.pth
Fri 03 Nov 2023 08:12:13 INFO  Running E-step ! 
Fri 03 Nov 2023 08:13:09 INFO  epoch 107 training [time: 55.21s, train_loss1: 8.2604, train_loss2: 2.1428, train_loss3: 0.2824]
Fri 03 Nov 2023 08:13:13 INFO  epoch 107 evaluating [time: 4.22s, valid_score: 0.065700]
Fri 03 Nov 2023 08:13:13 INFO  valid result: 
recall@10 : 0.0928    recall@20 : 0.1382    recall@50 : 0.2215    ndcg@10 : 0.0657    ndcg@20 : 0.0797    ndcg@50 : 0.1015
Fri 03 Nov 2023 08:13:13 INFO  Saving current: saved/NCL-Nov-03-2023_06-25-41.pth
Fri 03 Nov 2023 08:13:13 INFO  Saving current best: saved/NCL-Nov-03-2023_06-25-41.pth
Fri 03 Nov 2023 08:13:13 INFO  Running E-step ! 
Fri 03 Nov 2023 08:14:09 INFO  epoch 108 training [time: 54.58s, train_loss1: 8.1037, train_loss2: 2.1207, train_loss3: 0.2835]
Fri 03 Nov 2023 08:14:13 INFO  epoch 108 evaluating [time: 4.19s, valid_score: 0.065700]
Fri 03 Nov 2023 08:14:13 INFO  valid result: 
recall@10 : 0.0925    recall@20 : 0.1383    recall@50 : 0.2215    ndcg@10 : 0.0657    ndcg@20 : 0.0797    ndcg@50 : 0.1016
Fri 03 Nov 2023 08:14:13 INFO  Saving current: saved/NCL-Nov-03-2023_06-25-41.pth
Fri 03 Nov 2023 08:14:13 INFO  Saving current best: saved/NCL-Nov-03-2023_06-25-41.pth
Fri 03 Nov 2023 08:14:13 INFO  Running E-step ! 
Fri 03 Nov 2023 08:15:08 INFO  epoch 109 training [time: 54.43s, train_loss1: 8.1723, train_loss2: 2.0971, train_loss3: 0.2834]
Fri 03 Nov 2023 08:15:13 INFO  epoch 109 evaluating [time: 4.65s, valid_score: 0.065700]
Fri 03 Nov 2023 08:15:13 INFO  valid result: 
recall@10 : 0.0925    recall@20 : 0.1384    recall@50 : 0.2211    ndcg@10 : 0.0657    ndcg@20 : 0.0797    ndcg@50 : 0.1015
Fri 03 Nov 2023 08:15:13 INFO  Saving current: saved/NCL-Nov-03-2023_06-25-41.pth
Fri 03 Nov 2023 08:15:13 INFO  Saving current best: saved/NCL-Nov-03-2023_06-25-41.pth
Fri 03 Nov 2023 08:15:13 INFO  Running E-step ! 
Fri 03 Nov 2023 08:16:09 INFO  epoch 110 training [time: 54.89s, train_loss1: 8.0493, train_loss2: 2.0743, train_loss3: 0.2848]
Fri 03 Nov 2023 08:16:13 INFO  epoch 110 evaluating [time: 4.43s, valid_score: 0.065600]
Fri 03 Nov 2023 08:16:13 INFO  valid result: 
recall@10 : 0.0924    recall@20 : 0.138    recall@50 : 0.2213    ndcg@10 : 0.0656    ndcg@20 : 0.0796    ndcg@50 : 0.1015
Fri 03 Nov 2023 08:16:13 INFO  Running E-step ! 
Fri 03 Nov 2023 08:17:10 INFO  epoch 111 training [time: 55.74s, train_loss1: 8.0402, train_loss2: 2.0519, train_loss3: 0.2854]
Fri 03 Nov 2023 08:17:14 INFO  epoch 111 evaluating [time: 4.15s, valid_score: 0.065700]
Fri 03 Nov 2023 08:17:14 INFO  valid result: 
recall@10 : 0.0925    recall@20 : 0.1382    recall@50 : 0.2212    ndcg@10 : 0.0657    ndcg@20 : 0.0796    ndcg@50 : 0.1014
Fri 03 Nov 2023 08:17:14 INFO  Saving current: saved/NCL-Nov-03-2023_06-25-41.pth
Fri 03 Nov 2023 08:17:14 INFO  Saving current best: saved/NCL-Nov-03-2023_06-25-41.pth
Fri 03 Nov 2023 08:17:14 INFO  Running E-step ! 
Fri 03 Nov 2023 08:18:09 INFO  epoch 112 training [time: 54.44s, train_loss1: 7.8139, train_loss2: 2.0350, train_loss3: 0.2867]
Fri 03 Nov 2023 08:18:14 INFO  epoch 112 evaluating [time: 4.87s, valid_score: 0.065600]
Fri 03 Nov 2023 08:18:14 INFO  valid result: 
recall@10 : 0.0923    recall@20 : 0.1382    recall@50 : 0.2211    ndcg@10 : 0.0656    ndcg@20 : 0.0796    ndcg@50 : 0.1014
Fri 03 Nov 2023 08:18:14 INFO  Running E-step ! 
Fri 03 Nov 2023 08:19:10 INFO  epoch 113 training [time: 54.61s, train_loss1: 7.8212, train_loss2: 2.0153, train_loss3: 0.2858]
Fri 03 Nov 2023 08:19:14 INFO  epoch 113 evaluating [time: 4.36s, valid_score: 0.065700]
Fri 03 Nov 2023 08:19:14 INFO  valid result: 
recall@10 : 0.0928    recall@20 : 0.1384    recall@50 : 0.2207    ndcg@10 : 0.0657    ndcg@20 : 0.0797    ndcg@50 : 0.1013
Fri 03 Nov 2023 08:19:14 INFO  Saving current: saved/NCL-Nov-03-2023_06-25-41.pth
Fri 03 Nov 2023 08:19:14 INFO  Saving current best: saved/NCL-Nov-03-2023_06-25-41.pth
Fri 03 Nov 2023 08:19:14 INFO  Running E-step ! 
Fri 03 Nov 2023 08:20:11 INFO  epoch 114 training [time: 55.21s, train_loss1: 7.7138, train_loss2: 1.9966, train_loss3: 0.2866]
Fri 03 Nov 2023 08:20:15 INFO  epoch 114 evaluating [time: 4.50s, valid_score: 0.065800]
Fri 03 Nov 2023 08:20:15 INFO  valid result: 
recall@10 : 0.0927    recall@20 : 0.1382    recall@50 : 0.2209    ndcg@10 : 0.0658    ndcg@20 : 0.0797    ndcg@50 : 0.1014
Fri 03 Nov 2023 08:20:15 INFO  Saving current: saved/NCL-Nov-03-2023_06-25-41.pth
Fri 03 Nov 2023 08:20:15 INFO  Saving current best: saved/NCL-Nov-03-2023_06-25-41.pth
Fri 03 Nov 2023 08:20:15 INFO  Running E-step ! 
Fri 03 Nov 2023 08:21:11 INFO  epoch 115 training [time: 55.07s, train_loss1: 7.8092, train_loss2: 1.9768, train_loss3: 0.2873]
Fri 03 Nov 2023 08:21:17 INFO  epoch 115 evaluating [time: 5.54s, valid_score: 0.065700]
Fri 03 Nov 2023 08:21:17 INFO  valid result: 
recall@10 : 0.0926    recall@20 : 0.1381    recall@50 : 0.2205    ndcg@10 : 0.0657    ndcg@20 : 0.0797    ndcg@50 : 0.1013
Fri 03 Nov 2023 08:21:17 INFO  Running E-step ! 
Fri 03 Nov 2023 08:22:13 INFO  epoch 116 training [time: 54.93s, train_loss1: 7.6967, train_loss2: 1.9571, train_loss3: 0.2891]
Fri 03 Nov 2023 08:22:17 INFO  epoch 116 evaluating [time: 4.87s, valid_score: 0.065900]
Fri 03 Nov 2023 08:22:17 INFO  valid result: 
recall@10 : 0.0928    recall@20 : 0.1384    recall@50 : 0.2208    ndcg@10 : 0.0659    ndcg@20 : 0.0798    ndcg@50 : 0.1015
Fri 03 Nov 2023 08:22:18 INFO  Saving current: saved/NCL-Nov-03-2023_06-25-41.pth
Fri 03 Nov 2023 08:22:18 INFO  Saving current best: saved/NCL-Nov-03-2023_06-25-41.pth
Fri 03 Nov 2023 08:22:18 INFO  Running E-step ! 
Fri 03 Nov 2023 08:23:13 INFO  epoch 117 training [time: 54.91s, train_loss1: 7.6794, train_loss2: 1.9379, train_loss3: 0.2891]
Fri 03 Nov 2023 08:23:18 INFO  epoch 117 evaluating [time: 4.52s, valid_score: 0.065900]
Fri 03 Nov 2023 08:23:18 INFO  valid result: 
recall@10 : 0.0926    recall@20 : 0.1386    recall@50 : 0.2207    ndcg@10 : 0.0659    ndcg@20 : 0.08    ndcg@50 : 0.1016
Fri 03 Nov 2023 08:23:18 INFO  Saving current: saved/NCL-Nov-03-2023_06-25-41.pth
Fri 03 Nov 2023 08:23:18 INFO  Saving current best: saved/NCL-Nov-03-2023_06-25-41.pth
Fri 03 Nov 2023 08:23:18 INFO  Running E-step ! 
Fri 03 Nov 2023 08:24:14 INFO  epoch 118 training [time: 55.22s, train_loss1: 7.5987, train_loss2: 1.9221, train_loss3: 0.2905]
Fri 03 Nov 2023 08:24:19 INFO  epoch 118 evaluating [time: 4.48s, valid_score: 0.065900]
Fri 03 Nov 2023 08:24:19 INFO  valid result: 
recall@10 : 0.0927    recall@20 : 0.1388    recall@50 : 0.2206    ndcg@10 : 0.0659    ndcg@20 : 0.08    ndcg@50 : 0.1016
Fri 03 Nov 2023 08:24:19 INFO  Saving current: saved/NCL-Nov-03-2023_06-25-41.pth
Fri 03 Nov 2023 08:24:19 INFO  Saving current best: saved/NCL-Nov-03-2023_06-25-41.pth
Fri 03 Nov 2023 08:24:19 INFO  Running E-step ! 
Fri 03 Nov 2023 08:25:15 INFO  epoch 119 training [time: 55.06s, train_loss1: 7.4365, train_loss2: 1.9041, train_loss3: 0.2896]
Fri 03 Nov 2023 08:25:20 INFO  epoch 119 evaluating [time: 4.92s, valid_score: 0.065900]
Fri 03 Nov 2023 08:25:20 INFO  valid result: 
recall@10 : 0.0928    recall@20 : 0.1388    recall@50 : 0.2207    ndcg@10 : 0.0659    ndcg@20 : 0.08    ndcg@50 : 0.1015
Fri 03 Nov 2023 08:25:20 INFO  Saving current: saved/NCL-Nov-03-2023_06-25-41.pth
Fri 03 Nov 2023 08:25:20 INFO  Saving current best: saved/NCL-Nov-03-2023_06-25-41.pth
Fri 03 Nov 2023 08:25:20 INFO  Running E-step ! 
Fri 03 Nov 2023 08:26:16 INFO  epoch 120 training [time: 55.43s, train_loss1: 7.3771, train_loss2: 1.8855, train_loss3: 0.2911]
Fri 03 Nov 2023 08:26:21 INFO  epoch 120 evaluating [time: 4.66s, valid_score: 0.065800]
Fri 03 Nov 2023 08:26:21 INFO  valid result: 
recall@10 : 0.0926    recall@20 : 0.1388    recall@50 : 0.2201    ndcg@10 : 0.0658    ndcg@20 : 0.08    ndcg@50 : 0.1014
Fri 03 Nov 2023 08:26:21 INFO  Running E-step ! 
Fri 03 Nov 2023 08:27:17 INFO  epoch 121 training [time: 54.94s, train_loss1: 7.3428, train_loss2: 1.8703, train_loss3: 0.2922]
Fri 03 Nov 2023 08:27:21 INFO  epoch 121 evaluating [time: 4.31s, valid_score: 0.065700]
Fri 03 Nov 2023 08:27:21 INFO  valid result: 
recall@10 : 0.0924    recall@20 : 0.1389    recall@50 : 0.2203    ndcg@10 : 0.0657    ndcg@20 : 0.08    ndcg@50 : 0.1014
Fri 03 Nov 2023 08:27:21 INFO  Running E-step ! 
Fri 03 Nov 2023 08:28:17 INFO  epoch 122 training [time: 55.05s, train_loss1: 7.2864, train_loss2: 1.8558, train_loss3: 0.2921]
Fri 03 Nov 2023 08:28:21 INFO  epoch 122 evaluating [time: 4.21s, valid_score: 0.065800]
Fri 03 Nov 2023 08:28:21 INFO  valid result: 
recall@10 : 0.0926    recall@20 : 0.1386    recall@50 : 0.2204    ndcg@10 : 0.0658    ndcg@20 : 0.0799    ndcg@50 : 0.1014
Fri 03 Nov 2023 08:28:21 INFO  Running E-step ! 
Fri 03 Nov 2023 08:29:17 INFO  epoch 123 training [time: 54.70s, train_loss1: 7.2247, train_loss2: 1.8397, train_loss3: 0.2928]
Fri 03 Nov 2023 08:29:22 INFO  epoch 123 evaluating [time: 5.12s, valid_score: 0.065900]
Fri 03 Nov 2023 08:29:22 INFO  valid result: 
recall@10 : 0.0926    recall@20 : 0.139    recall@50 : 0.2203    ndcg@10 : 0.0659    ndcg@20 : 0.0801    ndcg@50 : 0.1015
Fri 03 Nov 2023 08:29:22 INFO  Saving current: saved/NCL-Nov-03-2023_06-25-41.pth
Fri 03 Nov 2023 08:29:22 INFO  Saving current best: saved/NCL-Nov-03-2023_06-25-41.pth
Fri 03 Nov 2023 08:29:22 INFO  Running E-step ! 
Fri 03 Nov 2023 08:30:18 INFO  epoch 124 training [time: 55.00s, train_loss1: 7.1397, train_loss2: 1.8239, train_loss3: 0.2934]
Fri 03 Nov 2023 08:30:22 INFO  epoch 124 evaluating [time: 4.13s, valid_score: 0.065900]
Fri 03 Nov 2023 08:30:22 INFO  valid result: 
recall@10 : 0.0927    recall@20 : 0.1388    recall@50 : 0.22    ndcg@10 : 0.0659    ndcg@20 : 0.08    ndcg@50 : 0.1014
Fri 03 Nov 2023 08:30:22 INFO  Saving current: saved/NCL-Nov-03-2023_06-25-41.pth
Fri 03 Nov 2023 08:30:22 INFO  Saving current best: saved/NCL-Nov-03-2023_06-25-41.pth
Fri 03 Nov 2023 08:30:22 INFO  Running E-step ! 
Fri 03 Nov 2023 08:31:18 INFO  epoch 125 training [time: 54.93s, train_loss1: 7.1881, train_loss2: 1.8081, train_loss3: 0.2933]
Fri 03 Nov 2023 08:31:22 INFO  epoch 125 evaluating [time: 4.22s, valid_score: 0.065800]
Fri 03 Nov 2023 08:31:22 INFO  valid result: 
recall@10 : 0.0925    recall@20 : 0.1387    recall@50 : 0.2198    ndcg@10 : 0.0658    ndcg@20 : 0.08    ndcg@50 : 0.1014
Fri 03 Nov 2023 08:31:22 INFO  Running E-step ! 
Fri 03 Nov 2023 08:32:18 INFO  epoch 126 training [time: 54.85s, train_loss1: 7.0848, train_loss2: 1.7935, train_loss3: 0.2957]
Fri 03 Nov 2023 08:32:23 INFO  epoch 126 evaluating [time: 4.63s, valid_score: 0.065800]
Fri 03 Nov 2023 08:32:23 INFO  valid result: 
recall@10 : 0.0926    recall@20 : 0.1387    recall@50 : 0.2198    ndcg@10 : 0.0658    ndcg@20 : 0.0799    ndcg@50 : 0.1013
Fri 03 Nov 2023 08:32:23 INFO  Running E-step ! 
Fri 03 Nov 2023 08:33:18 INFO  epoch 127 training [time: 54.90s, train_loss1: 7.0419, train_loss2: 1.7769, train_loss3: 0.2957]
Fri 03 Nov 2023 08:33:23 INFO  epoch 127 evaluating [time: 4.76s, valid_score: 0.065800]
Fri 03 Nov 2023 08:33:23 INFO  valid result: 
recall@10 : 0.0925    recall@20 : 0.1387    recall@50 : 0.2199    ndcg@10 : 0.0658    ndcg@20 : 0.08    ndcg@50 : 0.1013
Fri 03 Nov 2023 08:33:23 INFO  Running E-step ! 
Fri 03 Nov 2023 08:34:19 INFO  epoch 128 training [time: 54.80s, train_loss1: 6.9307, train_loss2: 1.7636, train_loss3: 0.2967]
Fri 03 Nov 2023 08:34:23 INFO  epoch 128 evaluating [time: 4.85s, valid_score: 0.065700]
Fri 03 Nov 2023 08:34:23 INFO  valid result: 
recall@10 : 0.0923    recall@20 : 0.1386    recall@50 : 0.2192    ndcg@10 : 0.0657    ndcg@20 : 0.0799    ndcg@50 : 0.1012
Fri 03 Nov 2023 08:34:23 INFO  Running E-step ! 
Fri 03 Nov 2023 08:35:19 INFO  epoch 129 training [time: 55.00s, train_loss1: 7.0663, train_loss2: 1.7496, train_loss3: 0.2975]
Fri 03 Nov 2023 08:35:24 INFO  epoch 129 evaluating [time: 4.20s, valid_score: 0.065800]
Fri 03 Nov 2023 08:35:24 INFO  valid result: 
recall@10 : 0.0925    recall@20 : 0.1387    recall@50 : 0.2192    ndcg@10 : 0.0658    ndcg@20 : 0.08    ndcg@50 : 0.1012
Fri 03 Nov 2023 08:35:24 INFO  Running E-step ! 
Fri 03 Nov 2023 08:36:19 INFO  epoch 130 training [time: 54.36s, train_loss1: 7.0321, train_loss2: 1.7339, train_loss3: 0.2988]
Fri 03 Nov 2023 08:36:23 INFO  epoch 130 evaluating [time: 4.79s, valid_score: 0.066000]
Fri 03 Nov 2023 08:36:23 INFO  valid result: 
recall@10 : 0.0927    recall@20 : 0.1385    recall@50 : 0.2192    ndcg@10 : 0.066    ndcg@20 : 0.08    ndcg@50 : 0.1013
Fri 03 Nov 2023 08:36:24 INFO  Saving current: saved/NCL-Nov-03-2023_06-25-41.pth
Fri 03 Nov 2023 08:36:24 INFO  Saving current best: saved/NCL-Nov-03-2023_06-25-41.pth
Fri 03 Nov 2023 08:36:24 INFO  Running E-step ! 
Fri 03 Nov 2023 08:37:19 INFO  epoch 131 training [time: 54.35s, train_loss1: 6.8558, train_loss2: 1.7203, train_loss3: 0.2977]
Fri 03 Nov 2023 08:37:23 INFO  epoch 131 evaluating [time: 4.48s, valid_score: 0.065900]
Fri 03 Nov 2023 08:37:23 INFO  valid result: 
recall@10 : 0.0924    recall@20 : 0.1386    recall@50 : 0.2188    ndcg@10 : 0.0659    ndcg@20 : 0.08    ndcg@50 : 0.1012
Fri 03 Nov 2023 08:37:23 INFO  Running E-step ! 
Fri 03 Nov 2023 08:38:19 INFO  epoch 132 training [time: 54.48s, train_loss1: 6.8967, train_loss2: 1.7079, train_loss3: 0.2991]
Fri 03 Nov 2023 08:38:23 INFO  epoch 132 evaluating [time: 4.13s, valid_score: 0.065900]
Fri 03 Nov 2023 08:38:23 INFO  valid result: 
recall@10 : 0.0925    recall@20 : 0.1383    recall@50 : 0.2188    ndcg@10 : 0.0659    ndcg@20 : 0.08    ndcg@50 : 0.1012
Fri 03 Nov 2023 08:38:23 INFO  Running E-step ! 
Fri 03 Nov 2023 08:39:18 INFO  epoch 133 training [time: 54.68s, train_loss1: 6.7574, train_loss2: 1.6954, train_loss3: 0.2996]
Fri 03 Nov 2023 08:39:23 INFO  epoch 133 evaluating [time: 4.41s, valid_score: 0.065800]
Fri 03 Nov 2023 08:39:23 INFO  valid result: 
recall@10 : 0.0922    recall@20 : 0.1384    recall@50 : 0.219    ndcg@10 : 0.0658    ndcg@20 : 0.08    ndcg@50 : 0.1012
Fri 03 Nov 2023 08:39:23 INFO  Running E-step ! 
Fri 03 Nov 2023 08:40:18 INFO  epoch 134 training [time: 54.24s, train_loss1: 6.7231, train_loss2: 1.6794, train_loss3: 0.3005]
Fri 03 Nov 2023 08:40:22 INFO  epoch 134 evaluating [time: 4.63s, valid_score: 0.065900]
Fri 03 Nov 2023 08:40:22 INFO  valid result: 
recall@10 : 0.0924    recall@20 : 0.1384    recall@50 : 0.2187    ndcg@10 : 0.0659    ndcg@20 : 0.08    ndcg@50 : 0.1012
Fri 03 Nov 2023 08:40:22 INFO  Running E-step ! 
Fri 03 Nov 2023 08:41:17 INFO  epoch 135 training [time: 54.25s, train_loss1: 6.6755, train_loss2: 1.6669, train_loss3: 0.3015]
Fri 03 Nov 2023 08:41:22 INFO  epoch 135 evaluating [time: 4.16s, valid_score: 0.066000]
Fri 03 Nov 2023 08:41:22 INFO  valid result: 
recall@10 : 0.0924    recall@20 : 0.1384    recall@50 : 0.2186    ndcg@10 : 0.066    ndcg@20 : 0.08    ndcg@50 : 0.1012
Fri 03 Nov 2023 08:41:22 INFO  Saving current: saved/NCL-Nov-03-2023_06-25-41.pth
Fri 03 Nov 2023 08:41:22 INFO  Saving current best: saved/NCL-Nov-03-2023_06-25-41.pth
Fri 03 Nov 2023 08:41:22 INFO  Running E-step ! 
Fri 03 Nov 2023 08:42:17 INFO  epoch 136 training [time: 54.44s, train_loss1: 6.6719, train_loss2: 1.6555, train_loss3: 0.3008]
Fri 03 Nov 2023 08:42:21 INFO  epoch 136 evaluating [time: 4.18s, valid_score: 0.065900]
Fri 03 Nov 2023 08:42:21 INFO  valid result: 
recall@10 : 0.0924    recall@20 : 0.1383    recall@50 : 0.2189    ndcg@10 : 0.0659    ndcg@20 : 0.08    ndcg@50 : 0.1012
Fri 03 Nov 2023 08:42:21 INFO  Running E-step ! 
Fri 03 Nov 2023 08:43:16 INFO  epoch 137 training [time: 54.44s, train_loss1: 6.6083, train_loss2: 1.6423, train_loss3: 0.3027]
Fri 03 Nov 2023 08:43:21 INFO  epoch 137 evaluating [time: 4.80s, valid_score: 0.066000]
Fri 03 Nov 2023 08:43:21 INFO  valid result: 
recall@10 : 0.0925    recall@20 : 0.1383    recall@50 : 0.2185    ndcg@10 : 0.066    ndcg@20 : 0.08    ndcg@50 : 0.1012
Fri 03 Nov 2023 08:43:22 INFO  Saving current: saved/NCL-Nov-03-2023_06-25-41.pth
Fri 03 Nov 2023 08:43:22 INFO  Saving current best: saved/NCL-Nov-03-2023_06-25-41.pth
Fri 03 Nov 2023 08:43:22 INFO  Running E-step ! 
Fri 03 Nov 2023 08:44:17 INFO  epoch 138 training [time: 54.28s, train_loss1: 6.5586, train_loss2: 1.6308, train_loss3: 0.3028]
Fri 03 Nov 2023 08:44:21 INFO  epoch 138 evaluating [time: 4.43s, valid_score: 0.066000]
Fri 03 Nov 2023 08:44:21 INFO  valid result: 
recall@10 : 0.0925    recall@20 : 0.1381    recall@50 : 0.2184    ndcg@10 : 0.066    ndcg@20 : 0.08    ndcg@50 : 0.1011
Fri 03 Nov 2023 08:44:21 INFO  Saving current: saved/NCL-Nov-03-2023_06-25-41.pth
Fri 03 Nov 2023 08:44:21 INFO  Saving current best: saved/NCL-Nov-03-2023_06-25-41.pth
Fri 03 Nov 2023 08:44:21 INFO  Running E-step ! 
Fri 03 Nov 2023 08:45:17 INFO  epoch 139 training [time: 54.44s, train_loss1: 6.6089, train_loss2: 1.6176, train_loss3: 0.3032]
Fri 03 Nov 2023 08:45:21 INFO  epoch 139 evaluating [time: 4.11s, valid_score: 0.065900]
Fri 03 Nov 2023 08:45:21 INFO  valid result: 
recall@10 : 0.0923    recall@20 : 0.138    recall@50 : 0.2178    ndcg@10 : 0.0659    ndcg@20 : 0.0799    ndcg@50 : 0.101
Fri 03 Nov 2023 08:45:21 INFO  Running E-step ! 
Fri 03 Nov 2023 08:46:16 INFO  epoch 140 training [time: 54.45s, train_loss1: 6.5170, train_loss2: 1.6076, train_loss3: 0.3024]
Fri 03 Nov 2023 08:46:21 INFO  epoch 140 evaluating [time: 4.79s, valid_score: 0.066000]
Fri 03 Nov 2023 08:46:21 INFO  valid result: 
recall@10 : 0.0924    recall@20 : 0.1383    recall@50 : 0.2178    ndcg@10 : 0.066    ndcg@20 : 0.0801    ndcg@50 : 0.101
Fri 03 Nov 2023 08:46:21 INFO  Saving current: saved/NCL-Nov-03-2023_06-25-41.pth
Fri 03 Nov 2023 08:46:21 INFO  Saving current best: saved/NCL-Nov-03-2023_06-25-41.pth
Fri 03 Nov 2023 08:46:21 INFO  Running E-step ! 
Fri 03 Nov 2023 08:47:16 INFO  epoch 141 training [time: 54.30s, train_loss1: 6.4297, train_loss2: 1.5983, train_loss3: 0.3041]
Fri 03 Nov 2023 08:47:21 INFO  epoch 141 evaluating [time: 4.42s, valid_score: 0.065900]
Fri 03 Nov 2023 08:47:21 INFO  valid result: 
recall@10 : 0.0923    recall@20 : 0.1383    recall@50 : 0.2175    ndcg@10 : 0.0659    ndcg@20 : 0.08    ndcg@50 : 0.1009
Fri 03 Nov 2023 08:47:21 INFO  Running E-step ! 
Fri 03 Nov 2023 08:48:16 INFO  epoch 142 training [time: 54.57s, train_loss1: 6.4569, train_loss2: 1.5883, train_loss3: 0.3050]
Fri 03 Nov 2023 08:48:20 INFO  epoch 142 evaluating [time: 4.08s, valid_score: 0.066100]
Fri 03 Nov 2023 08:48:20 INFO  valid result: 
recall@10 : 0.0925    recall@20 : 0.1381    recall@50 : 0.2178    ndcg@10 : 0.0661    ndcg@20 : 0.08    ndcg@50 : 0.101
Fri 03 Nov 2023 08:48:21 INFO  Saving current: saved/NCL-Nov-03-2023_06-25-41.pth
Fri 03 Nov 2023 08:48:21 INFO  Saving current best: saved/NCL-Nov-03-2023_06-25-41.pth
Fri 03 Nov 2023 08:48:21 INFO  Running E-step ! 
Fri 03 Nov 2023 08:49:16 INFO  epoch 143 training [time: 54.46s, train_loss1: 6.3806, train_loss2: 1.5745, train_loss3: 0.3041]
Fri 03 Nov 2023 08:49:20 INFO  epoch 143 evaluating [time: 4.13s, valid_score: 0.066100]
Fri 03 Nov 2023 08:49:20 INFO  valid result: 
recall@10 : 0.0924    recall@20 : 0.1378    recall@50 : 0.2173    ndcg@10 : 0.0661    ndcg@20 : 0.08    ndcg@50 : 0.1009
Fri 03 Nov 2023 08:49:20 INFO  Saving current: saved/NCL-Nov-03-2023_06-25-41.pth
Fri 03 Nov 2023 08:49:20 INFO  Saving current best: saved/NCL-Nov-03-2023_06-25-41.pth
Fri 03 Nov 2023 08:49:20 INFO  Running E-step ! 
Fri 03 Nov 2023 08:50:15 INFO  epoch 144 training [time: 54.26s, train_loss1: 6.3865, train_loss2: 1.5645, train_loss3: 0.3067]
Fri 03 Nov 2023 08:50:20 INFO  epoch 144 evaluating [time: 4.99s, valid_score: 0.066000]
Fri 03 Nov 2023 08:50:20 INFO  valid result: 
recall@10 : 0.0925    recall@20 : 0.1376    recall@50 : 0.2171    ndcg@10 : 0.066    ndcg@20 : 0.0799    ndcg@50 : 0.1009
Fri 03 Nov 2023 08:50:20 INFO  Running E-step ! 
Fri 03 Nov 2023 08:51:15 INFO  epoch 145 training [time: 54.24s, train_loss1: 6.3237, train_loss2: 1.5545, train_loss3: 0.3060]
Fri 03 Nov 2023 08:51:20 INFO  epoch 145 evaluating [time: 4.38s, valid_score: 0.066100]
Fri 03 Nov 2023 08:51:20 INFO  valid result: 
recall@10 : 0.0927    recall@20 : 0.1376    recall@50 : 0.2168    ndcg@10 : 0.0661    ndcg@20 : 0.0799    ndcg@50 : 0.1008
Fri 03 Nov 2023 08:51:20 INFO  Saving current: saved/NCL-Nov-03-2023_06-25-41.pth
Fri 03 Nov 2023 08:51:20 INFO  Saving current best: saved/NCL-Nov-03-2023_06-25-41.pth
Fri 03 Nov 2023 08:51:20 INFO  Running E-step ! 
Fri 03 Nov 2023 08:52:15 INFO  epoch 146 training [time: 54.55s, train_loss1: 6.3313, train_loss2: 1.5441, train_loss3: 0.3061]
Fri 03 Nov 2023 08:52:19 INFO  epoch 146 evaluating [time: 4.09s, valid_score: 0.066100]
Fri 03 Nov 2023 08:52:19 INFO  valid result: 
recall@10 : 0.0927    recall@20 : 0.1376    recall@50 : 0.217    ndcg@10 : 0.0661    ndcg@20 : 0.0799    ndcg@50 : 0.1009
Fri 03 Nov 2023 08:52:20 INFO  Saving current: saved/NCL-Nov-03-2023_06-25-41.pth
Fri 03 Nov 2023 08:52:20 INFO  Saving current best: saved/NCL-Nov-03-2023_06-25-41.pth
Fri 03 Nov 2023 08:52:20 INFO  Running E-step ! 
Fri 03 Nov 2023 08:53:15 INFO  epoch 147 training [time: 54.42s, train_loss1: 6.2284, train_loss2: 1.5316, train_loss3: 0.3085]
Fri 03 Nov 2023 08:53:20 INFO  epoch 147 evaluating [time: 4.66s, valid_score: 0.066000]
Fri 03 Nov 2023 08:53:20 INFO  valid result: 
recall@10 : 0.0923    recall@20 : 0.1376    recall@50 : 0.2169    ndcg@10 : 0.066    ndcg@20 : 0.0799    ndcg@50 : 0.1008
Fri 03 Nov 2023 08:53:20 INFO  Running E-step ! 
Fri 03 Nov 2023 08:54:15 INFO  epoch 148 training [time: 54.25s, train_loss1: 6.2073, train_loss2: 1.5214, train_loss3: 0.3071]
Fri 03 Nov 2023 08:54:19 INFO  epoch 148 evaluating [time: 4.43s, valid_score: 0.065900]
Fri 03 Nov 2023 08:54:19 INFO  valid result: 
recall@10 : 0.092    recall@20 : 0.1375    recall@50 : 0.217    ndcg@10 : 0.0659    ndcg@20 : 0.0799    ndcg@50 : 0.1008
Fri 03 Nov 2023 08:54:19 INFO  Running E-step ! 
Fri 03 Nov 2023 08:55:14 INFO  epoch 149 training [time: 54.37s, train_loss1: 6.1455, train_loss2: 1.5123, train_loss3: 0.3073]
Fri 03 Nov 2023 08:55:19 INFO  epoch 149 evaluating [time: 4.20s, valid_score: 0.066100]
Fri 03 Nov 2023 08:55:19 INFO  valid result: 
recall@10 : 0.0925    recall@20 : 0.1373    recall@50 : 0.2169    ndcg@10 : 0.0661    ndcg@20 : 0.0798    ndcg@50 : 0.1008
Fri 03 Nov 2023 08:55:19 INFO  Saving current: saved/NCL-Nov-03-2023_06-25-41.pth
Fri 03 Nov 2023 08:55:19 INFO  Saving current best: saved/NCL-Nov-03-2023_06-25-41.pth
Fri 03 Nov 2023 08:55:19 INFO  Running E-step ! 
Fri 03 Nov 2023 08:56:14 INFO  epoch 150 training [time: 54.63s, train_loss1: 6.1516, train_loss2: 1.5016, train_loss3: 0.3074]
Fri 03 Nov 2023 08:56:19 INFO  epoch 150 evaluating [time: 4.79s, valid_score: 0.066000]
Fri 03 Nov 2023 08:56:19 INFO  valid result: 
recall@10 : 0.0925    recall@20 : 0.1374    recall@50 : 0.2166    ndcg@10 : 0.066    ndcg@20 : 0.0798    ndcg@50 : 0.1007
Fri 03 Nov 2023 08:56:19 INFO  Running E-step ! 
Fri 03 Nov 2023 08:57:14 INFO  epoch 151 training [time: 54.28s, train_loss1: 6.0885, train_loss2: 1.4939, train_loss3: 0.3078]
Fri 03 Nov 2023 08:57:18 INFO  epoch 151 evaluating [time: 4.39s, valid_score: 0.065900]
Fri 03 Nov 2023 08:57:18 INFO  valid result: 
recall@10 : 0.0923    recall@20 : 0.1373    recall@50 : 0.2164    ndcg@10 : 0.0659    ndcg@20 : 0.0797    ndcg@50 : 0.1006
Fri 03 Nov 2023 08:57:18 INFO  Running E-step ! 
Fri 03 Nov 2023 08:58:14 INFO  epoch 152 training [time: 54.32s, train_loss1: 6.1475, train_loss2: 1.4847, train_loss3: 0.3090]
Fri 03 Nov 2023 08:58:18 INFO  epoch 152 evaluating [time: 4.04s, valid_score: 0.065800]
Fri 03 Nov 2023 08:58:18 INFO  valid result: 
recall@10 : 0.0921    recall@20 : 0.137    recall@50 : 0.2163    ndcg@10 : 0.0658    ndcg@20 : 0.0796    ndcg@50 : 0.1005
Fri 03 Nov 2023 08:58:18 INFO  Running E-step ! 
Fri 03 Nov 2023 08:59:13 INFO  epoch 153 training [time: 54.56s, train_loss1: 6.0344, train_loss2: 1.4735, train_loss3: 0.3089]
Fri 03 Nov 2023 08:59:17 INFO  epoch 153 evaluating [time: 4.43s, valid_score: 0.065800]
Fri 03 Nov 2023 08:59:17 INFO  valid result: 
recall@10 : 0.0921    recall@20 : 0.137    recall@50 : 0.2163    ndcg@10 : 0.0658    ndcg@20 : 0.0795    ndcg@50 : 0.1005
Fri 03 Nov 2023 08:59:17 INFO  Running E-step ! 
Fri 03 Nov 2023 09:00:13 INFO  epoch 154 training [time: 54.30s, train_loss1: 6.0132, train_loss2: 1.4645, train_loss3: 0.3105]
Fri 03 Nov 2023 09:00:17 INFO  epoch 154 evaluating [time: 4.73s, valid_score: 0.065800]
Fri 03 Nov 2023 09:00:17 INFO  valid result: 
recall@10 : 0.0922    recall@20 : 0.137    recall@50 : 0.2161    ndcg@10 : 0.0658    ndcg@20 : 0.0795    ndcg@50 : 0.1004
Fri 03 Nov 2023 09:00:17 INFO  Running E-step ! 
Fri 03 Nov 2023 09:01:13 INFO  epoch 155 training [time: 54.65s, train_loss1: 6.0045, train_loss2: 1.4580, train_loss3: 0.3104]
Fri 03 Nov 2023 09:01:17 INFO  epoch 155 evaluating [time: 4.08s, valid_score: 0.065800]
Fri 03 Nov 2023 09:01:17 INFO  valid result: 
recall@10 : 0.0922    recall@20 : 0.137    recall@50 : 0.2154    ndcg@10 : 0.0658    ndcg@20 : 0.0796    ndcg@50 : 0.1003
Fri 03 Nov 2023 09:01:17 INFO  Running E-step ! 
Fri 03 Nov 2023 09:02:12 INFO  epoch 156 training [time: 54.45s, train_loss1: 5.9370, train_loss2: 1.4498, train_loss3: 0.3095]
Fri 03 Nov 2023 09:02:17 INFO  epoch 156 evaluating [time: 4.56s, valid_score: 0.065800]
Fri 03 Nov 2023 09:02:17 INFO  valid result: 
recall@10 : 0.0922    recall@20 : 0.1368    recall@50 : 0.2155    ndcg@10 : 0.0658    ndcg@20 : 0.0795    ndcg@50 : 0.1003
Fri 03 Nov 2023 09:02:17 INFO  Running E-step ! 
Fri 03 Nov 2023 09:03:12 INFO  epoch 157 training [time: 54.44s, train_loss1: 5.9104, train_loss2: 1.4392, train_loss3: 0.3088]
Fri 03 Nov 2023 09:03:16 INFO  epoch 157 evaluating [time: 4.45s, valid_score: 0.065800]
Fri 03 Nov 2023 09:03:16 INFO  valid result: 
recall@10 : 0.092    recall@20 : 0.1369    recall@50 : 0.2152    ndcg@10 : 0.0658    ndcg@20 : 0.0796    ndcg@50 : 0.1003
Fri 03 Nov 2023 09:03:16 INFO  Running E-step ! 
Fri 03 Nov 2023 09:04:12 INFO  epoch 158 training [time: 54.59s, train_loss1: 5.9147, train_loss2: 1.4305, train_loss3: 0.3088]
Fri 03 Nov 2023 09:04:16 INFO  epoch 158 evaluating [time: 4.13s, valid_score: 0.066000]
Fri 03 Nov 2023 09:04:16 INFO  valid result: 
recall@10 : 0.0924    recall@20 : 0.1369    recall@50 : 0.2147    ndcg@10 : 0.066    ndcg@20 : 0.0796    ndcg@50 : 0.1002
Fri 03 Nov 2023 09:04:16 INFO  Running E-step ! 
Fri 03 Nov 2023 09:05:12 INFO  epoch 159 training [time: 54.86s, train_loss1: 5.9548, train_loss2: 1.4220, train_loss3: 0.3098]
Fri 03 Nov 2023 09:05:16 INFO  epoch 159 evaluating [time: 4.04s, valid_score: 0.065900]
Fri 03 Nov 2023 09:05:16 INFO  valid result: 
recall@10 : 0.0922    recall@20 : 0.1369    recall@50 : 0.2149    ndcg@10 : 0.0659    ndcg@20 : 0.0796    ndcg@50 : 0.1002
Fri 03 Nov 2023 09:05:16 INFO  Running E-step ! 
Fri 03 Nov 2023 09:06:11 INFO  epoch 160 training [time: 54.54s, train_loss1: 5.8171, train_loss2: 1.4141, train_loss3: 0.3099]
Fri 03 Nov 2023 09:06:16 INFO  epoch 160 evaluating [time: 4.97s, valid_score: 0.065900]
Fri 03 Nov 2023 09:06:16 INFO  valid result: 
recall@10 : 0.0922    recall@20 : 0.1367    recall@50 : 0.2147    ndcg@10 : 0.0659    ndcg@20 : 0.0795    ndcg@50 : 0.1002
Fri 03 Nov 2023 09:06:16 INFO  Finished training, best eval result in epoch 149
Fri 03 Nov 2023 09:06:16 INFO  Loading model structure and parameters from saved/NCL-Nov-03-2023_06-25-41.pth
Fri 03 Nov 2023 09:06:20 INFO  best valid : OrderedDict([('recall@10', 0.0925), ('recall@20', 0.1373), ('recall@50', 0.2169), ('ndcg@10', 0.0661), ('ndcg@20', 0.0798), ('ndcg@50', 0.1008)])
Fri 03 Nov 2023 09:06:20 INFO  test result: OrderedDict([('recall@10', 0.0944), ('recall@20', 0.1387), ('recall@50', 0.2174), ('ndcg@10', 0.0688), ('ndcg@20', 0.0823), ('ndcg@50', 0.1031)])
